============================= test session starts =============================
platform win32 -- Python 3.14.6, pytest-9.1.1, pluggy-1.6.0 -- C:\Users\jodav\AppData\Local\Programs\Python\Python314\python.exe
cachedir: .pytest_cache
PyQt6 6.11.0 -- Qt runtime 6.11.1 -- Qt compiled 6.11.0
rootdir: C:\Users\jodav\Downloads\napari-phasors-main\napari-phasors-main
configfile: pyproject.toml
plugins: napari-0.8.0, napari-plugin-engine-0.2.1, npe2-0.8.3, cov-7.1.0, qt-4.5.0, timeout-2.4.0, xdist-3.8.0
timeout: 1200.0s
timeout method: thread
timeout func_only: False
created: 1/1 worker
1 worker [1207 items]

scheduling tests via LoadFileScheduling

src/napari_phasors/_tests/test_batch_analysis.py::test_supported_extensions_orders_specific_first 
[gw0] [  0%] PASSED src/napari_phasors/_tests/test_batch_analysis.py::test_supported_extensions_orders_specific_first 
src/napari_phasors/_tests/test_batch_analysis.py::test_match_extension_prefers_longest_suffix 
[gw0] [  0%] PASSED src/napari_phasors/_tests/test_batch_analysis.py::test_match_extension_prefers_longest_suffix 
src/napari_phasors/_tests/test_batch_analysis.py::test_parse_harmonics 
[gw0] [  0%] PASSED src/napari_phasors/_tests/test_batch_analysis.py::test_parse_harmonics 
src/napari_phasors/_tests/test_batch_analysis.py::test_scan_folder_respects_recursion 
[gw0] [  0%] PASSED src/napari_phasors/_tests/test_batch_analysis.py::test_scan_folder_respects_recursion 
src/napari_phasors/_tests/test_batch_analysis.py::test_mask_phasor_arrays_same_ndim 
[gw0] [  0%] PASSED src/napari_phasors/_tests/test_batch_analysis.py::test_mask_phasor_arrays_same_ndim 
src/napari_phasors/_tests/test_batch_analysis.py::test_select_harmonic_arrays_missing_gs 
[gw0] [  0%] PASSED src/napari_phasors/_tests/test_batch_analysis.py::test_select_harmonic_arrays_missing_gs 
src/napari_phasors/_tests/test_batch_analysis.py::test_format_combobox_populated 
[gw0] [  0%] PASSED src/napari_phasors/_tests/test_batch_analysis.py::test_format_combobox_populated 
src/napari_phasors/_tests/test_batch_analysis.py::test_layer_events_refresh_reference_combo_via_bound_method 
[gw0] [  0%] PASSED src/napari_phasors/_tests/test_batch_analysis.py::test_layer_events_refresh_reference_combo_via_bound_method 
src/napari_phasors/_tests/test_batch_analysis.py::test_get_reader_options_with_dynamic_kwargs 
[gw0] [  0%] PASSED src/napari_phasors/_tests/test_batch_analysis.py::test_get_reader_options_with_dynamic_kwargs 
src/napari_phasors/_tests/test_batch_analysis.py::test_apply_pipeline_filter_matches_direct_call 
[gw0] [  0%] PASSED src/napari_phasors/_tests/test_batch_analysis.py::test_apply_pipeline_filter_matches_direct_call 
src/napari_phasors/_tests/test_batch_analysis.py::test_apply_settings_to_ui_from_layer 
[gw0] [  0%] PASSED src/napari_phasors/_tests/test_batch_analysis.py::test_apply_settings_to_ui_from_layer 
src/napari_phasors/_tests/test_batch_analysis.py::test_calibration_same_for_all 
[gw0] [  0%] PASSED src/napari_phasors/_tests/test_batch_analysis.py::test_calibration_same_for_all 
src/napari_phasors/_tests/test_batch_analysis.py::test_apply_calibration_correction_reports_harmonic_mismatch 
[gw0] [  1%] PASSED src/napari_phasors/_tests/test_batch_analysis.py::test_apply_calibration_correction_reports_harmonic_mismatch 
src/napari_phasors/_tests/test_batch_analysis.py::test_apply_calibration_correction_single_harmonic_array 
[gw0] [  1%] PASSED src/napari_phasors/_tests/test_batch_analysis.py::test_apply_calibration_correction_single_harmonic_array 
src/napari_phasors/_tests/test_batch_analysis.py::test_apply_calibration_uses_matching_harmonic_subset 
[gw0] [  1%] PASSED src/napari_phasors/_tests/test_batch_analysis.py::test_apply_calibration_uses_matching_harmonic_subset 
src/napari_phasors/_tests/test_batch_analysis.py::test_normalize_harmonics_keeps_non_convertible_values 
[gw0] [  1%] PASSED src/napari_phasors/_tests/test_batch_analysis.py::test_normalize_harmonics_keeps_non_convertible_values 
src/napari_phasors/_tests/test_batch_analysis.py::test_apply_calibration_falls_back_to_positional_when_harmonics_mismatch 
[gw0] [  1%] PASSED src/napari_phasors/_tests/test_batch_analysis.py::test_apply_calibration_falls_back_to_positional_when_harmonics_mismatch 
src/napari_phasors/_tests/test_batch_analysis.py::test_apply_calibration_scalar_single_harmonic 
[gw0] [  1%] PASSED src/napari_phasors/_tests/test_batch_analysis.py::test_apply_calibration_scalar_single_harmonic 
src/napari_phasors/_tests/test_batch_analysis.py::test_apply_calibration_multi_harmonic_without_spatial_dims 
[gw0] [  1%] PASSED src/napari_phasors/_tests/test_batch_analysis.py::test_apply_calibration_multi_harmonic_without_spatial_dims 
src/napari_phasors/_tests/test_batch_analysis.py::test_apply_calibration_errors_on_uncovered_harmonic 
[gw0] [  1%] PASSED src/napari_phasors/_tests/test_batch_analysis.py::test_apply_calibration_errors_on_uncovered_harmonic 
src/napari_phasors/_tests/test_batch_analysis.py::test_calibration_per_subfolder 
[gw0] [  1%] PASSED src/napari_phasors/_tests/test_batch_analysis.py::test_calibration_per_subfolder 
src/napari_phasors/_tests/test_batch_analysis.py::test_collect_components_linear_then_fit 
[gw0] [  1%] PASSED src/napari_phasors/_tests/test_batch_analysis.py::test_collect_components_linear_then_fit 
src/napari_phasors/_tests/test_batch_analysis.py::test_n_component_fit_pipeline 
[gw0] [  1%] PASSED src/napari_phasors/_tests/test_batch_analysis.py::test_n_component_fit_pipeline 
src/napari_phasors/_tests/test_batch_analysis.py::test_required_component_harmonics 
[gw0] [  1%] PASSED src/napari_phasors/_tests/test_batch_analysis.py::test_required_component_harmonics 
src/napari_phasors/_tests/test_batch_analysis.py::test_multiharmonic_component_fit_pipeline 
[gw0] [  2%] PASSED src/napari_phasors/_tests/test_batch_analysis.py::test_multiharmonic_component_fit_pipeline 
src/napari_phasors/_tests/test_batch_analysis.py::test_collect_components_multiharmonic 
[gw0] [  2%] PASSED src/napari_phasors/_tests/test_batch_analysis.py::test_collect_components_multiharmonic 
src/napari_phasors/_tests/test_batch_analysis.py::test_phasor_mapping_pipeline 
[gw0] [  2%] PASSED src/napari_phasors/_tests/test_batch_analysis.py::test_phasor_mapping_pipeline 
src/napari_phasors/_tests/test_batch_analysis.py::test_fret_pipeline 
[gw0] [  2%] PASSED src/napari_phasors/_tests/test_batch_analysis.py::test_fret_pipeline 
src/napari_phasors/_tests/test_batch_analysis.py::test_selection_pipeline 
[gw0] [  2%] PASSED src/napari_phasors/_tests/test_batch_analysis.py::test_selection_pipeline 
src/napari_phasors/_tests/test_batch_analysis.py::test_selection_statistics_manual 
[gw0] [  2%] PASSED src/napari_phasors/_tests/test_batch_analysis.py::test_selection_statistics_manual 
src/napari_phasors/_tests/test_batch_analysis.py::test_selection_statistics_cluster 
[gw0] [  2%] PASSED src/napari_phasors/_tests/test_batch_analysis.py::test_selection_statistics_cluster 
src/napari_phasors/_tests/test_batch_analysis.py::test_selection_stats_csv_export 
[gw0] [  2%] PASSED src/napari_phasors/_tests/test_batch_analysis.py::test_selection_stats_csv_export 
src/napari_phasors/_tests/test_batch_analysis.py::test_phasor_export_toggle_overlay_label 
[gw0] [  2%] PASSED src/napari_phasors/_tests/test_batch_analysis.py::test_phasor_export_toggle_overlay_label 
src/napari_phasors/_tests/test_batch_analysis.py::test_component_labels_hidden_by_default 
[gw0] [  2%] PASSED src/napari_phasors/_tests/test_batch_analysis.py::test_component_labels_hidden_by_default 
src/napari_phasors/_tests/test_batch_analysis.py::test_collect_selection 
[gw0] [  2%] PASSED src/napari_phasors/_tests/test_batch_analysis.py::test_collect_selection 
src/napari_phasors/_tests/test_batch_analysis.py::test_selection_elliptic_and_polar_pipeline 
[gw0] [  2%] PASSED src/napari_phasors/_tests/test_batch_analysis.py::test_selection_elliptic_and_polar_pipeline 
src/napari_phasors/_tests/test_batch_analysis.py::test_collect_selection_cursor_types 
[gw0] [  3%] PASSED src/napari_phasors/_tests/test_batch_analysis.py::test_collect_selection_cursor_types 
src/napari_phasors/_tests/test_batch_analysis.py::test_component_lifetime_sets_gs 
[gw0] [  3%] PASSED src/napari_phasors/_tests/test_batch_analysis.py::test_component_lifetime_sets_gs 
src/napari_phasors/_tests/test_batch_analysis.py::test_filter_param_visibility 
[gw0] [  3%] PASSED src/napari_phasors/_tests/test_batch_analysis.py::test_filter_param_visibility 
src/napari_phasors/_tests/test_batch_analysis.py::test_collect_mapping_and_fret 
[gw0] [  3%] PASSED src/napari_phasors/_tests/test_batch_analysis.py::test_collect_mapping_and_fret 
src/napari_phasors/_tests/test_batch_analysis.py::test_mapping_multi_output_pipeline 
[gw0] [  3%] PASSED src/napari_phasors/_tests/test_batch_analysis.py::test_mapping_multi_output_pipeline 
src/napari_phasors/_tests/test_batch_analysis.py::test_mapping_mesh_plot_jobs 
[gw0] [  3%] PASSED src/napari_phasors/_tests/test_batch_analysis.py::test_mapping_mesh_plot_jobs 
src/napari_phasors/_tests/test_batch_analysis.py::test_mapping_mesh_ranges_collected 
[gw0] [  3%] PASSED src/napari_phasors/_tests/test_batch_analysis.py::test_mapping_mesh_ranges_collected 
src/napari_phasors/_tests/test_batch_analysis.py::test_draw_phasor_mesh_keeps_square_aspect 
[gw0] [  3%] PASSED src/napari_phasors/_tests/test_batch_analysis.py::test_draw_phasor_mesh_keeps_square_aspect 
src/napari_phasors/_tests/test_batch_analysis.py::test_progress_is_noop_off_main_thread 
[gw0] [  3%] PASSED src/napari_phasors/_tests/test_batch_analysis.py::test_progress_is_noop_off_main_thread 
src/napari_phasors/_tests/test_batch_analysis.py::test_threaded_run_processes_all_files 
[gw0] [  3%] PASSED src/napari_phasors/_tests/test_batch_analysis.py::test_threaded_run_processes_all_files 
src/napari_phasors/_tests/test_batch_analysis.py::test_streaming_aggregation_outputs 
[gw0] [  3%] PASSED src/napari_phasors/_tests/test_batch_analysis.py::test_streaming_aggregation_outputs 
src/napari_phasors/_tests/test_batch_analysis.py::test_streaming_matches_exact_stats 
[gw0] [  3%] PASSED src/napari_phasors/_tests/test_batch_analysis.py::test_streaming_matches_exact_stats 
src/napari_phasors/_tests/test_batch_analysis.py::test_grouped_histogram_export_with_sd 
[gw0] [  4%] PASSED src/napari_phasors/_tests/test_batch_analysis.py::test_grouped_histogram_export_with_sd 
src/napari_phasors/_tests/test_batch_analysis.py::test_collect_plot_settings 
[gw0] [  4%] PASSED src/napari_phasors/_tests/test_batch_analysis.py::test_collect_plot_settings 
src/napari_phasors/_tests/test_batch_analysis.py::test_store_plot_settings 
[gw0] [  4%] PASSED src/napari_phasors/_tests/test_batch_analysis.py::test_store_plot_settings 
src/napari_phasors/_tests/test_batch_analysis.py::test_run_batch_plot_settings_and_centers 
[gw0] [  4%] PASSED src/napari_phasors/_tests/test_batch_analysis.py::test_run_batch_plot_settings_and_centers 
src/napari_phasors/_tests/test_batch_analysis.py::test_run_batch_exports_phasor_plots 
[gw0] [  4%] PASSED src/napari_phasors/_tests/test_batch_analysis.py::test_run_batch_exports_phasor_plots 
src/napari_phasors/_tests/test_batch_analysis.py::test_mapping_colormap_and_contrast 
[gw0] [  4%] PASSED src/napari_phasors/_tests/test_batch_analysis.py::test_mapping_colormap_and_contrast 
src/napari_phasors/_tests/test_batch_analysis.py::test_component_colormaps 
[gw0] [  4%] PASSED src/napari_phasors/_tests/test_batch_analysis.py::test_component_colormaps 
src/napari_phasors/_tests/test_batch_analysis.py::test_selection_cluster_pipeline 
[gw0] [  4%] PASSED src/napari_phasors/_tests/test_batch_analysis.py::test_selection_cluster_pipeline 
src/napari_phasors/_tests/test_batch_analysis.py::test_collect_cursor_color 
[gw0] [  4%] PASSED src/napari_phasors/_tests/test_batch_analysis.py::test_collect_cursor_color 
src/napari_phasors/_tests/test_batch_analysis.py::test_collect_selection_cluster_mode 
[gw0] [  4%] PASSED src/napari_phasors/_tests/test_batch_analysis.py::test_collect_selection_cluster_mode 
src/napari_phasors/_tests/test_batch_analysis.py::test_per_tab_exports_end_to_end 
[gw0] [  4%] PASSED src/napari_phasors/_tests/test_batch_analysis.py::test_per_tab_exports_end_to_end 
src/napari_phasors/_tests/test_batch_analysis.py::test_group_for_modes 
[gw0] [  4%] PASSED src/napari_phasors/_tests/test_batch_analysis.py::test_group_for_modes 
src/napari_phasors/_tests/test_batch_analysis.py::test_contour_key_styles_grouped 
[gw0] [  5%] PASSED src/napari_phasors/_tests/test_batch_analysis.py::test_contour_key_styles_grouped 
src/napari_phasors/_tests/test_batch_analysis.py::test_contour_key_styles_merged 
[gw0] [  5%] PASSED src/napari_phasors/_tests/test_batch_analysis.py::test_contour_key_styles_merged 
src/napari_phasors/_tests/test_batch_analysis.py::test_run_batch_grouped_outputs 
[gw0] [  5%] PASSED src/napari_phasors/_tests/test_batch_analysis.py::test_run_batch_grouped_outputs 
src/napari_phasors/_tests/test_batch_analysis.py::test_group_config_persisted_and_restored 
[gw0] [  5%] PASSED src/napari_phasors/_tests/test_batch_analysis.py::test_group_config_persisted_and_restored 
src/napari_phasors/_tests/test_batch_analysis.py::test_apply_image_mask 
[gw0] [  5%] PASSED src/napari_phasors/_tests/test_batch_analysis.py::test_apply_image_mask 
src/napari_phasors/_tests/test_batch_analysis.py::test_apply_image_mask_invert 
[gw0] [  5%] PASSED src/napari_phasors/_tests/test_batch_analysis.py::test_apply_image_mask_invert 
src/napari_phasors/_tests/test_batch_analysis.py::test_apply_image_mask_shape_mismatch 
[gw0] [  5%] PASSED src/napari_phasors/_tests/test_batch_analysis.py::test_apply_image_mask_shape_mismatch 
src/napari_phasors/_tests/test_batch_analysis.py::test_mask_pipeline 
[gw0] [  5%] PASSED src/napari_phasors/_tests/test_batch_analysis.py::test_mask_pipeline 
src/napari_phasors/_tests/test_batch_analysis.py::test_mask_name_matching 
[gw0] [  5%] PASSED src/napari_phasors/_tests/test_batch_analysis.py::test_mask_name_matching 
src/napari_phasors/_tests/test_batch_analysis.py::test_run_batch_with_masks 
[gw0] [  5%] PASSED src/napari_phasors/_tests/test_batch_analysis.py::test_run_batch_with_masks 
src/napari_phasors/_tests/test_batch_analysis.py::test_derive_output_path_preserve_and_flatten 
[gw0] [  5%] PASSED src/napari_phasors/_tests/test_batch_analysis.py::test_derive_output_path_preserve_and_flatten 
src/napari_phasors/_tests/test_batch_analysis.py::test_run_batch_end_to_end 
[gw0] [  5%] PASSED src/napari_phasors/_tests/test_batch_analysis.py::test_run_batch_end_to_end 
src/napari_phasors/_tests/test_batch_analysis.py::test_run_batch_exports_extra_layers 
[gw0] [  6%] PASSED src/napari_phasors/_tests/test_batch_analysis.py::test_run_batch_exports_extra_layers 
src/napari_phasors/_tests/test_batch_analysis.py::test_collect_components_includes_overlay_style 
[gw0] [  6%] PASSED src/napari_phasors/_tests/test_batch_analysis.py::test_collect_components_includes_overlay_style 
src/napari_phasors/_tests/test_batch_analysis.py::test_component_dot_colors_linear_uses_colormap_ends 
[gw0] [  6%] PASSED src/napari_phasors/_tests/test_batch_analysis.py::test_component_dot_colors_linear_uses_colormap_ends 
src/napari_phasors/_tests/test_batch_analysis.py::test_component_dot_colors_default_when_no_colormap_line 
[gw0] [  6%] PASSED src/napari_phasors/_tests/test_batch_analysis.py::test_component_dot_colors_default_when_no_colormap_line 
src/napari_phasors/_tests/test_batch_analysis.py::test_run_batch_components_plot_with_style 
[gw0] [  6%] PASSED src/napari_phasors/_tests/test_batch_analysis.py::test_run_batch_components_plot_with_style 
src/napari_phasors/_tests/test_batch_analysis.py::test_default_component_line_style_has_histogram_keys 
[gw0] [  6%] PASSED src/napari_phasors/_tests/test_batch_analysis.py::test_default_component_line_style_has_histogram_keys 
src/napari_phasors/_tests/test_batch_analysis.py::test_components_overlay_injects_fraction_data 
[gw0] [  6%] PASSED src/napari_phasors/_tests/test_batch_analysis.py::test_components_overlay_injects_fraction_data 
src/napari_phasors/_tests/test_batch_analysis.py::test_draw_fraction_histogram_overlay_shared_helper 
[gw0] [  6%] PASSED src/napari_phasors/_tests/test_batch_analysis.py::test_draw_fraction_histogram_overlay_shared_helper 
src/napari_phasors/_tests/test_batch_analysis.py::test_run_batch_components_plot_with_fraction_histogram 
[gw0] [  6%] PASSED src/napari_phasors/_tests/test_batch_analysis.py::test_run_batch_components_plot_with_fraction_histogram 
src/napari_phasors/_tests/test_batch_analysis.py::test_combined_merged_histogram_exported 
[gw0] [  6%] PASSED src/napari_phasors/_tests/test_batch_analysis.py::test_combined_merged_histogram_exported 
src/napari_phasors/_tests/test_batch_analysis.py::test_individual_checkbox_gates_per_file_plots 
[gw0] [  6%] PASSED src/napari_phasors/_tests/test_batch_analysis.py::test_individual_checkbox_gates_per_file_plots 
src/napari_phasors/_tests/test_batch_analysis.py::test_combined_contour_grouped_with_styles 
[gw0] [  6%] PASSED src/napari_phasors/_tests/test_batch_analysis.py::test_combined_contour_grouped_with_styles 
src/napari_phasors/_tests/test_batch_analysis.py::test_open_plot_group_dialog_round_trips_groups 
[gw0] [  7%] PASSED src/napari_phasors/_tests/test_batch_analysis.py::test_open_plot_group_dialog_round_trips_groups 
src/napari_phasors/_tests/test_batch_analysis.py::test_analysis_histogram_filename_no_duplication 
[gw0] [  7%] PASSED src/napari_phasors/_tests/test_batch_analysis.py::test_analysis_histogram_filename_no_duplication 
src/napari_phasors/_tests/test_batch_analysis.py::test_combined_components_phasor_merged 
[gw0] [  7%] PASSED src/napari_phasors/_tests/test_batch_analysis.py::test_combined_components_phasor_merged 
src/napari_phasors/_tests/test_batch_analysis.py::test_combined_components_phasor_grouped 
[gw0] [  7%] PASSED src/napari_phasors/_tests/test_batch_analysis.py::test_combined_components_phasor_grouped 
src/napari_phasors/_tests/test_batch_analysis.py::test_apply_selection_settings_populates_cursors 
[gw0] [  7%] PASSED src/napari_phasors/_tests/test_batch_analysis.py::test_apply_selection_settings_populates_cursors 
src/napari_phasors/_tests/test_batch_analysis.py::test_collect_plot_settings_individual_vs_combined 
[gw0] [  7%] PASSED src/napari_phasors/_tests/test_batch_analysis.py::test_collect_plot_settings_individual_vs_combined 
src/napari_phasors/_tests/test_batch_analysis.py::test_collect_zoom_settings 
[gw0] [  7%] PASSED src/napari_phasors/_tests/test_batch_analysis.py::test_collect_zoom_settings 
src/napari_phasors/_tests/test_batch_analysis.py::test_run_batch_exports_zoomed_section 
[gw0] [  7%] PASSED src/napari_phasors/_tests/test_batch_analysis.py::test_run_batch_exports_zoomed_section 
src/napari_phasors/_tests/test_batch_analysis.py::test_auto_mapping_ranges_uses_all_files 
[gw0] [  7%] PASSED src/napari_phasors/_tests/test_batch_analysis.py::test_auto_mapping_ranges_uses_all_files 
src/napari_phasors/_tests/test_batch_analysis.py::test_global_contrast_shared_across_files 
[gw0] [  7%] PASSED src/napari_phasors/_tests/test_batch_analysis.py::test_global_contrast_shared_across_files 
src/napari_phasors/_tests/test_batch_analysis.py::test_export_subfolder_structure 
[gw0] [  7%] PASSED src/napari_phasors/_tests/test_batch_analysis.py::test_export_subfolder_structure 
src/napari_phasors/_tests/test_batch_analysis.py::test_mapping_range_auto_checkbox_disables_fields 
[gw0] [  7%] PASSED src/napari_phasors/_tests/test_batch_analysis.py::test_mapping_range_auto_checkbox_disables_fields 
src/napari_phasors/_tests/test_batch_analysis.py::test_analysis_runs_once_per_file 
[gw0] [  8%] PASSED src/napari_phasors/_tests/test_batch_analysis.py::test_analysis_runs_once_per_file 
src/napari_phasors/_tests/test_batch_analysis.py::test_histogram_csv_respects_value_range 
[gw0] [  8%] PASSED src/napari_phasors/_tests/test_batch_analysis.py::test_histogram_csv_respects_value_range 
src/napari_phasors/_tests/test_batch_analysis.py::test_compute_stats_center_of_mass_from_raw_histogram 
[gw0] [  8%] PASSED src/napari_phasors/_tests/test_batch_analysis.py::test_compute_stats_center_of_mass_from_raw_histogram 
src/napari_phasors/_tests/test_batch_analysis.py::test_output_controls_unified 
[gw0] [  8%] PASSED src/napari_phasors/_tests/test_batch_analysis.py::test_output_controls_unified 
src/napari_phasors/_tests/test_batch_analysis.py::test_per_tab_image_format_csv_only 
[gw0] [  8%] PASSED src/napari_phasors/_tests/test_batch_analysis.py::test_per_tab_image_format_csv_only 
src/napari_phasors/_tests/test_batch_analysis.py::test_format_combobox_display_text 
[gw0] [  8%] PASSED src/napari_phasors/_tests/test_batch_analysis.py::test_format_combobox_display_text 
src/napari_phasors/_tests/test_batch_analysis.py::test_groups_only_dialog_hides_mode 
[gw0] [  8%] PASSED src/napari_phasors/_tests/test_batch_analysis.py::test_groups_only_dialog_hides_mode 
src/napari_phasors/_tests/test_batch_analysis.py::test_linear_projection_exports_both_fractions 
[gw0] [  8%] PASSED src/napari_phasors/_tests/test_batch_analysis.py::test_linear_projection_exports_both_fractions 
src/napari_phasors/_tests/test_batch_analysis.py::test_combined_all_groups_plot_exported 
[gw0] [  8%] PASSED src/napari_phasors/_tests/test_batch_analysis.py::test_combined_all_groups_plot_exported 
src/napari_phasors/_tests/test_batch_analysis.py::test_combined_colormap_hidden_for_grouped_contour 
[gw0] [  8%] PASSED src/napari_phasors/_tests/test_batch_analysis.py::test_combined_colormap_hidden_for_grouped_contour 
src/napari_phasors/_tests/test_batch_analysis.py::test_tab_combined_contour_all_groups_exported 
[gw0] [  8%] PASSED src/napari_phasors/_tests/test_batch_analysis.py::test_tab_combined_contour_all_groups_exported 
src/napari_phasors/_tests/test_batch_analysis.py::test_streaming_histogram_keeps_per_file_for_sd 
[gw0] [  8%] PASSED src/napari_phasors/_tests/test_batch_analysis.py::test_streaming_histogram_keeps_per_file_for_sd 
src/napari_phasors/_tests/test_batch_analysis.py::test_selection_labels_use_cursor_colors 
[gw0] [  9%] PASSED src/napari_phasors/_tests/test_batch_analysis.py::test_selection_labels_use_cursor_colors 
src/napari_phasors/_tests/test_batch_analysis.py::test_linear_second_colormap_is_reversed_first 
[gw0] [  9%] PASSED src/napari_phasors/_tests/test_batch_analysis.py::test_linear_second_colormap_is_reversed_first 
src/napari_phasors/_tests/test_batch_analysis.py::test_export_colorbar_checkbox_default_on 
[gw0] [  9%] PASSED src/napari_phasors/_tests/test_batch_analysis.py::test_export_colorbar_checkbox_default_on 
src/napari_phasors/_tests/test_batch_analysis.py::test_suffix_edit_empty_by_default_with_hint 
[gw0] [  9%] PASSED src/napari_phasors/_tests/test_batch_analysis.py::test_suffix_edit_empty_by_default_with_hint 
src/napari_phasors/_tests/test_batch_analysis.py::test_scan_folder_missing_folder_returns_empty 
[gw0] [  9%] PASSED src/napari_phasors/_tests/test_batch_analysis.py::test_scan_folder_missing_folder_returns_empty 
src/napari_phasors/_tests/test_batch_analysis.py::test_parse_harmonics_skips_empty_parts 
[gw0] [  9%] PASSED src/napari_phasors/_tests/test_batch_analysis.py::test_parse_harmonics_skips_empty_parts 
src/napari_phasors/_tests/test_batch_analysis.py::test_load_mask_array_npy_and_multichannel 
[gw0] [  9%] PASSED src/napari_phasors/_tests/test_batch_analysis.py::test_load_mask_array_npy_and_multichannel 
src/napari_phasors/_tests/test_batch_analysis.py::test_apply_image_mask_skips_missing_coords 
[gw0] [  9%] PASSED src/napari_phasors/_tests/test_batch_analysis.py::test_apply_image_mask_skips_missing_coords 
src/napari_phasors/_tests/test_batch_analysis.py::test_select_harmonic_arrays_without_metadata 
[gw0] [  9%] PASSED src/napari_phasors/_tests/test_batch_analysis.py::test_select_harmonic_arrays_without_metadata 
src/napari_phasors/_tests/test_batch_analysis.py::test_select_harmonic_arrays_falls_back_without_harmonics 
[gw0] [  9%] PASSED src/napari_phasors/_tests/test_batch_analysis.py::test_select_harmonic_arrays_falls_back_without_harmonics 
src/napari_phasors/_tests/test_batch_analysis.py::test_apply_component_fraction_no_data_returns_empty 
[gw0] [  9%] PASSED src/napari_phasors/_tests/test_batch_analysis.py::test_apply_component_fraction_no_data_returns_empty 
src/napari_phasors/_tests/test_batch_analysis.py::test_apply_component_fraction_fit_without_mean 
[gw0] [  9%] PASSED src/napari_phasors/_tests/test_batch_analysis.py::test_apply_component_fraction_fit_without_mean 
src/napari_phasors/_tests/test_batch_analysis.py::test_reversed_colormap_variants 
[gw0] [ 10%] PASSED src/napari_phasors/_tests/test_batch_analysis.py::test_reversed_colormap_variants 
src/napari_phasors/_tests/test_batch_analysis.py::test_make_output_image_ignores_degenerate_contrast 
[gw0] [ 10%] PASSED src/napari_phasors/_tests/test_batch_analysis.py::test_make_output_image_ignores_degenerate_contrast 
src/napari_phasors/_tests/test_batch_analysis.py::test_apply_mapping_fret_selection_no_data_return_empty 
[gw0] [ 10%] PASSED src/napari_phasors/_tests/test_batch_analysis.py::test_apply_mapping_fret_selection_no_data_return_empty 
src/napari_phasors/_tests/test_batch_analysis.py::test_selection_statistics_no_data_returns_empty 
[gw0] [ 10%] PASSED src/napari_phasors/_tests/test_batch_analysis.py::test_selection_statistics_no_data_returns_empty 
src/napari_phasors/_tests/test_batch_analysis.py::test_cursor_rgba_color_and_palette_fallback 
[gw0] [ 10%] PASSED src/napari_phasors/_tests/test_batch_analysis.py::test_cursor_rgba_color_and_palette_fallback 
src/napari_phasors/_tests/test_batch_analysis.py::test_batch_read_options_rows_and_typed_params 
[gw0] [ 10%] PASSED src/napari_phasors/_tests/test_batch_analysis.py::test_batch_read_options_rows_and_typed_params 
src/napari_phasors/_tests/test_batch_analysis.py::test_copy_settings_dialog_selection 
[gw0] [ 10%] PASSED src/napari_phasors/_tests/test_batch_analysis.py::test_copy_settings_dialog_selection 
src/napari_phasors/_tests/test_batch_analysis.py::test_draw_components_overlay_two_with_colormap_line 
[gw0] [ 10%] PASSED src/napari_phasors/_tests/test_batch_analysis.py::test_draw_components_overlay_two_with_colormap_line 
src/napari_phasors/_tests/test_batch_analysis.py::test_draw_components_overlay_gamma_uses_power_norm 
[gw0] [ 10%] PASSED src/napari_phasors/_tests/test_batch_analysis.py::test_draw_components_overlay_gamma_uses_power_norm 
src/napari_phasors/_tests/test_batch_analysis.py::test_default_component_line_style_exposes_colormap_gamma 
[gw0] [ 10%] PASSED src/napari_phasors/_tests/test_batch_analysis.py::test_default_component_line_style_exposes_colormap_gamma 
src/napari_phasors/_tests/test_batch_analysis.py::test_apply_component_settings_copies_line_and_overlay_style 
[gw0] [ 10%] PASSED src/napari_phasors/_tests/test_batch_analysis.py::test_apply_component_settings_copies_line_and_overlay_style 
src/napari_phasors/_tests/test_batch_analysis.py::test_apply_component_settings_restores_linear_projection_type 
[gw0] [ 10%] PASSED src/napari_phasors/_tests/test_batch_analysis.py::test_apply_component_settings_restores_linear_projection_type 
src/napari_phasors/_tests/test_batch_analysis.py::test_pipeline_step_annotates_error_with_step_name 
[gw0] [ 11%] PASSED src/napari_phasors/_tests/test_batch_analysis.py::test_pipeline_step_annotates_error_with_step_name 
src/napari_phasors/_tests/test_batch_analysis.py::test_apply_pipeline_reports_which_step_failed 
[gw0] [ 11%] PASSED src/napari_phasors/_tests/test_batch_analysis.py::test_apply_pipeline_reports_which_step_failed 
src/napari_phasors/_tests/test_batch_analysis.py::test_draw_components_overlay_plain_line_and_polygon 
[gw0] [ 11%] PASSED src/napari_phasors/_tests/test_batch_analysis.py::test_draw_components_overlay_plain_line_and_polygon 
src/napari_phasors/_tests/test_batch_analysis.py::test_draw_selection_overlay_cursor_types_and_cluster 
[gw0] [ 11%] PASSED src/napari_phasors/_tests/test_batch_analysis.py::test_draw_selection_overlay_cursor_types_and_cluster 
src/napari_phasors/_tests/test_batch_analysis.py::test_draw_fret_trajectory_overlay_modes 
[gw0] [ 11%] PASSED src/napari_phasors/_tests/test_batch_analysis.py::test_draw_fret_trajectory_overlay_modes 
src/napari_phasors/_tests/test_batch_analysis.py::test_draw_phasor_mesh_full_quadrant_and_modulation 
[gw0] [ 11%] PASSED src/napari_phasors/_tests/test_batch_analysis.py::test_draw_phasor_mesh_full_quadrant_and_modulation 
src/napari_phasors/_tests/test_batch_analysis.py::test_normalize_rgb_and_solid_contour_cmap 
[gw0] [ 11%] PASSED src/napari_phasors/_tests/test_batch_analysis.py::test_normalize_rgb_and_solid_contour_cmap 
src/napari_phasors/_tests/test_batch_analysis.py::test_null_progress_supports_progress_api 
[gw0] [ 11%] PASSED src/napari_phasors/_tests/test_batch_analysis.py::test_null_progress_supports_progress_api 
src/napari_phasors/_tests/test_batch_analysis.py::test_apply_settings_to_ui_populates_all_tabs 
[gw0] [ 11%] PASSED src/napari_phasors/_tests/test_batch_analysis.py::test_apply_settings_to_ui_populates_all_tabs 
src/napari_phasors/_tests/test_batch_analysis.py::test_apply_settings_to_ui_ignores_empty_and_bad_frequency 
[gw0] [ 11%] PASSED src/napari_phasors/_tests/test_batch_analysis.py::test_apply_settings_to_ui_ignores_empty_and_bad_frequency 
src/napari_phasors/_tests/test_batch_analysis.py::test_component_style_dialogs_apply_on_accept 
[gw0] [ 11%] PASSED src/napari_phasors/_tests/test_batch_analysis.py::test_component_style_dialogs_apply_on_accept 
src/napari_phasors/_tests/test_batch_analysis.py::test_remove_component_and_cursor_rows 
[gw0] [ 11%] PASSED src/napari_phasors/_tests/test_batch_analysis.py::test_remove_component_and_cursor_rows 
src/napari_phasors/_tests/test_batch_analysis.py::test_has_extra_outputs_branches 
[gw0] [ 12%] PASSED src/napari_phasors/_tests/test_batch_analysis.py::test_has_extra_outputs_branches 
src/napari_phasors/_tests/test_batch_analysis.py::test_collect_filter_kwargs_wavelet_and_manual 
[gw0] [ 12%] PASSED src/napari_phasors/_tests/test_batch_analysis.py::test_collect_filter_kwargs_wavelet_and_manual 
src/napari_phasors/_tests/test_batch_analysis.py::test_masked_signal_mean_applies_mask 
[gw0] [ 12%] PASSED src/napari_phasors/_tests/test_batch_analysis.py::test_masked_signal_mean_applies_mask 
src/napari_phasors/_tests/test_batch_analysis.py::test_signal_export_ometiff_outputs 
[gw0] [ 12%] PASSED src/napari_phasors/_tests/test_batch_analysis.py::test_signal_export_ometiff_outputs 
src/napari_phasors/_tests/test_batch_analysis.py::test_signal_export_unavailable_for_third_party_ometiff 
[gw0] [ 12%] PASSED src/napari_phasors/_tests/test_batch_analysis.py::test_signal_export_unavailable_for_third_party_ometiff 
src/napari_phasors/_tests/test_batch_analysis.py::test_signal_export_raw_tif 
[gw0] [ 12%] PASSED src/napari_phasors/_tests/test_batch_analysis.py::test_signal_export_raw_tif 
src/napari_phasors/_tests/test_batch_analysis.py::test_signal_export_channels_separate 
[gw0] [ 12%] PASSED src/napari_phasors/_tests/test_batch_analysis.py::test_signal_export_channels_separate 
src/napari_phasors/_tests/test_batch_analysis.py::test_signal_export_channels_together 
[gw0] [ 12%] PASSED src/napari_phasors/_tests/test_batch_analysis.py::test_signal_export_channels_together 
src/napari_phasors/_tests/test_batch_analysis.py::test_signal_export_csv_only 
[gw0] [ 12%] PASSED src/napari_phasors/_tests/test_batch_analysis.py::test_signal_export_csv_only 
src/napari_phasors/_tests/test_batch_analysis.py::test_on_copy_settings_shows_error_when_file_read_fails 
[gw0] [ 12%] PASSED src/napari_phasors/_tests/test_batch_analysis.py::test_on_copy_settings_shows_error_when_file_read_fails 
src/napari_phasors/_tests/test_batch_analysis.py::test_on_copy_settings_from_layer_includes_harmonics 
[gw0] [ 12%] PASSED src/napari_phasors/_tests/test_batch_analysis.py::test_on_copy_settings_from_layer_includes_harmonics 
src/napari_phasors/_tests/test_batch_analysis.py::test_run_batch_reports_failed_files_via_show_error 
[gw0] [ 12%] PASSED src/napari_phasors/_tests/test_batch_analysis.py::test_run_batch_reports_failed_files_via_show_error 
src/napari_phasors/_tests/test_batch_analysis.py::test_components_overlay_returns_original_when_component_coords_missing 
[gw0] [ 13%] PASSED src/napari_phasors/_tests/test_batch_analysis.py::test_components_overlay_returns_original_when_component_coords_missing 
src/napari_phasors/_tests/test_batch_analysis.py::test_components_overlay_squeezes_multi_dim_component_arrays 
[gw0] [ 13%] PASSED src/napari_phasors/_tests/test_batch_analysis.py::test_components_overlay_squeezes_multi_dim_component_arrays 
src/napari_phasors/_tests/test_batch_analysis.py::test_components_overlay_returns_original_when_fraction_computation_fails 
[gw0] [ 13%] PASSED src/napari_phasors/_tests/test_batch_analysis.py::test_components_overlay_returns_original_when_fraction_computation_fails 
src/napari_phasors/_tests/test_batch_analysis.py::test_save_phasor_plot_png_colors_by_modulation 
[gw0] [ 13%] PASSED src/napari_phasors/_tests/test_batch_analysis.py::test_save_phasor_plot_png_colors_by_modulation 
src/napari_phasors/_tests/test_batch_analysis.py::test_color_plot_by_metric_resolves_default_colormap_when_cmap_is_none 
[gw0] [ 13%] PASSED src/napari_phasors/_tests/test_batch_analysis.py::test_color_plot_by_metric_resolves_default_colormap_when_cmap_is_none 
src/napari_phasors/_tests/test_batch_analysis.py::test_color_plot_by_metric_falls_back_to_jet_when_resolution_fails 
[gw0] [ 13%] PASSED src/napari_phasors/_tests/test_batch_analysis.py::test_color_plot_by_metric_falls_back_to_jet_when_resolution_fails 
src/napari_phasors/_tests/test_components_tab.py::test_components_widget_initialization_values 
[gw0] [ 13%] PASSED src/napari_phasors/_tests/test_components_tab.py::test_components_widget_initialization_values 
src/napari_phasors/_tests/test_components_tab.py::test_components_widget_lifetime_inputs_visibility_no_frequency 
[gw0] [ 13%] PASSED src/napari_phasors/_tests/test_components_tab.py::test_components_widget_lifetime_inputs_visibility_no_frequency 
src/napari_phasors/_tests/test_components_tab.py::test_components_widget_lifetime_inputs_visibility_with_frequency 
[gw0] [ 13%] PASSED src/napari_phasors/_tests/test_components_tab.py::test_components_widget_lifetime_inputs_visibility_with_frequency 
src/napari_phasors/_tests/test_components_tab.py::test_components_widget_component_creation_and_line 
[gw0] [ 13%] PASSED src/napari_phasors/_tests/test_components_tab.py::test_components_widget_component_creation_and_line 
src/napari_phasors/_tests/test_components_tab.py::test_components_widget_fraction_calculation_creates_both_layers 
[gw0] [ 13%] PASSED src/napari_phasors/_tests/test_components_tab.py::test_components_widget_fraction_calculation_creates_both_layers 
src/napari_phasors/_tests/test_components_tab.py::test_components_widget_colormap_change 
[gw0] [ 13%] PASSED src/napari_phasors/_tests/test_components_tab.py::test_components_widget_colormap_change 
src/napari_phasors/_tests/test_components_tab.py::test_components_widget_colormap_update_legacy 
[gw0] [ 14%] PASSED src/napari_phasors/_tests/test_components_tab.py::test_components_widget_colormap_update_legacy 
src/napari_phasors/_tests/test_components_tab.py::test_components_widget_colormap_fallback_handling 
[gw0] [ 14%] PASSED src/napari_phasors/_tests/test_components_tab.py::test_components_widget_colormap_fallback_handling 
src/napari_phasors/_tests/test_components_tab.py::test_components_widget_visibility_toggle 
[gw0] [ 14%] PASSED src/napari_phasors/_tests/test_components_tab.py::test_components_widget_visibility_toggle 
src/napari_phasors/_tests/test_components_tab.py::test_components_widget_line_settings_dialog_effects 
[gw0] [ 14%] PASSED src/napari_phasors/_tests/test_components_tab.py::test_components_widget_line_settings_dialog_effects 
src/napari_phasors/_tests/test_components_tab.py::test_components_widget_label_style_dialog 
[gw0] [ 14%] PASSED src/napari_phasors/_tests/test_components_tab.py::test_components_widget_label_style_dialog 
src/napari_phasors/_tests/test_components_tab.py::test_components_widget_add_remove_components 
[gw0] [ 14%] PASSED src/napari_phasors/_tests/test_components_tab.py::test_components_widget_add_remove_components 
src/napari_phasors/_tests/test_components_tab.py::test_components_widget_analysis_type_changes 
[gw0] [ 14%] PASSED src/napari_phasors/_tests/test_components_tab.py::test_components_widget_analysis_type_changes 
src/napari_phasors/_tests/test_components_tab.py::test_components_widget_multi_component_analysis 
[gw0] [ 14%] PASSED src/napari_phasors/_tests/test_components_tab.py::test_components_widget_multi_component_analysis 
src/napari_phasors/_tests/test_components_tab.py::test_components_widget_polygon_visualization 
[gw0] [ 14%] PASSED src/napari_phasors/_tests/test_components_tab.py::test_components_widget_polygon_visualization 
src/napari_phasors/_tests/test_components_tab.py::test_components_widget_harmonic_storage_and_switching 
[gw0] [ 14%] PASSED src/napari_phasors/_tests/test_components_tab.py::test_components_widget_harmonic_storage_and_switching 
src/napari_phasors/_tests/test_components_tab.py::test_components_widget_clear_all_components 
[gw0] [ 14%] PASSED src/napari_phasors/_tests/test_components_tab.py::test_components_widget_clear_all_components 
src/napari_phasors/_tests/test_components_tab.py::test_components_widget_calculate_button_text_changes 
[gw0] [ 14%] PASSED src/napari_phasors/_tests/test_components_tab.py::test_components_widget_calculate_button_text_changes 
src/napari_phasors/_tests/test_components_tab.py::test_components_widget_component_state_initialization 
[gw0] [ 14%] PASSED src/napari_phasors/_tests/test_components_tab.py::test_components_widget_component_state_initialization 
src/napari_phasors/_tests/test_components_tab.py::test_components_widget_ui_elements_stored 
[gw0] [ 15%] PASSED src/napari_phasors/_tests/test_components_tab.py::test_components_widget_ui_elements_stored 
src/napari_phasors/_tests/test_components_tab.py::test_components_widget_default_settings_structure 
[gw0] [ 15%] PASSED src/napari_phasors/_tests/test_components_tab.py::test_components_widget_default_settings_structure 
src/napari_phasors/_tests/test_components_tab.py::test_components_widget_style_state_initialization 
[gw0] [ 15%] PASSED src/napari_phasors/_tests/test_components_tab.py::test_components_widget_style_state_initialization 
src/napari_phasors/_tests/test_components_tab.py::test_components_widget_line_settings_initialization 
[gw0] [ 15%] PASSED src/napari_phasors/_tests/test_components_tab.py::test_components_widget_line_settings_initialization 
src/napari_phasors/_tests/test_components_tab.py::test_components_widget_flags_initialization 
[gw0] [ 15%] PASSED src/napari_phasors/_tests/test_components_tab.py::test_components_widget_flags_initialization 
src/napari_phasors/_tests/test_components_tab.py::test_components_widget_dialogs_initialization 
[gw0] [ 15%] PASSED src/napari_phasors/_tests/test_components_tab.py::test_components_widget_dialogs_initialization 
src/napari_phasors/_tests/test_components_tab.py::test_components_widget_component_colors_list 
[gw0] [ 15%] PASSED src/napari_phasors/_tests/test_components_tab.py::test_components_widget_component_colors_list 
src/napari_phasors/_tests/test_components_tab.py::test_components_widget_harmonic_signal_connection 
[gw0] [ 15%] PASSED src/napari_phasors/_tests/test_components_tab.py::test_components_widget_harmonic_signal_connection 
src/napari_phasors/_tests/test_components_tab.py::test_components_widget_scroll_area_exists 
[gw0] [ 15%] PASSED src/napari_phasors/_tests/test_components_tab.py::test_components_widget_scroll_area_exists 
src/napari_phasors/_tests/test_components_tab.py::test_components_fraction_range_updates_layer_and_is_reversible 
[gw0] [ 15%] PASSED src/napari_phasors/_tests/test_components_tab.py::test_components_fraction_range_updates_layer_and_is_reversible 
src/napari_phasors/_tests/test_components_tab.py::test_components_second_component_histogram_inverts_fraction 
[gw0] [ 15%] PASSED src/napari_phasors/_tests/test_components_tab.py::test_components_second_component_histogram_inverts_fraction 
src/napari_phasors/_tests/test_components_tab.py::test_components_second_component_fraction_range_inverts 
[gw0] [ 15%] PASSED src/napari_phasors/_tests/test_components_tab.py::test_components_second_component_fraction_range_inverts 
src/napari_phasors/_tests/test_components_tab.py::test_components_second_component_colormap_follows_first_layer 
[gw0] [ 16%] PASSED src/napari_phasors/_tests/test_components_tab.py::test_components_second_component_colormap_follows_first_layer 
src/napari_phasors/_tests/test_components_tab.py::test_components_histogram_hidden_without_fraction_data 
[gw0] [ 16%] PASSED src/napari_phasors/_tests/test_components_tab.py::test_components_histogram_hidden_without_fraction_data 
src/napari_phasors/_tests/test_components_tab.py::test_components_histogram_multi_layer_linear_projection 
[gw0] [ 16%] PASSED src/napari_phasors/_tests/test_components_tab.py::test_components_histogram_multi_layer_linear_projection 
src/napari_phasors/_tests/test_components_tab.py::test_components_gamma_links_layers_and_histogram 
[gw0] [ 16%] PASSED src/napari_phasors/_tests/test_components_tab.py::test_components_gamma_links_layers_and_histogram 
src/napari_phasors/_tests/test_components_tab.py::test_components_stats_combobox_mirrors_histogram_combobox 
[gw0] [ 16%] PASSED src/napari_phasors/_tests/test_components_tab.py::test_components_stats_combobox_mirrors_histogram_combobox 
src/napari_phasors/_tests/test_components_tab.py::test_components_on_image_layer_changed_runs_teardown_and_restore 
[gw0] [ 16%] PASSED src/napari_phasors/_tests/test_components_tab.py::test_components_on_image_layer_changed_runs_teardown_and_restore 
src/napari_phasors/_tests/test_components_tab.py::test_components_selection_calculates_lifetime 
[gw0] [ 16%] PASSED src/napari_phasors/_tests/test_components_tab.py::test_components_selection_calculates_lifetime 
src/napari_phasors/_tests/test_components_tab.py::test_components_auto_placement_calculates_lifetime 
[gw0] [ 16%] PASSED src/napari_phasors/_tests/test_components_tab.py::test_components_auto_placement_calculates_lifetime 
src/napari_phasors/_tests/test_components_tab.py::test_components_dropdown_menu_and_cursor_selection 
[gw0] [ 16%] PASSED src/napari_phasors/_tests/test_components_tab.py::test_components_dropdown_menu_and_cursor_selection 
src/napari_phasors/_tests/test_components_tab.py::test_components_selection_escape_cancellation 
[gw0] [ 16%] PASSED src/napari_phasors/_tests/test_components_tab.py::test_components_selection_escape_cancellation 
src/napari_phasors/_tests/test_components_tab.py::test_components_select_from_phasor_center_and_generalized_auto_place 
[gw0] [ 16%] PASSED src/napari_phasors/_tests/test_components_tab.py::test_components_select_from_phasor_center_and_generalized_auto_place 
src/napari_phasors/_tests/test_components_tab.py::test_components_phasor_center_remembers_selection_and_rename 
[gw0] [ 16%] PASSED src/napari_phasors/_tests/test_components_tab.py::test_components_phasor_center_remembers_selection_and_rename 
src/napari_phasors/_tests/test_components_tab.py::test_color_action_widget_and_dialog 
[gw0] [ 17%] PASSED src/napari_phasors/_tests/test_components_tab.py::test_color_action_widget_and_dialog 
src/napari_phasors/_tests/test_components_tab.py::test_components_histogram_dock_reserves_selector_row_height 
[gw0] [ 17%] PASSED src/napari_phasors/_tests/test_components_tab.py::test_components_histogram_dock_reserves_selector_row_height 
src/napari_phasors/_tests/test_components_tab.py::test_components_restore_ui_only_from_metadata 
[gw0] [ 17%] PASSED src/napari_phasors/_tests/test_components_tab.py::test_components_restore_ui_only_from_metadata 
src/napari_phasors/_tests/test_components_tab.py::test_components_restore_line_and_histogram_overlay_settings 
[gw0] [ 17%] PASSED src/napari_phasors/_tests/test_components_tab.py::test_components_restore_line_and_histogram_overlay_settings 
src/napari_phasors/_tests/test_components_tab.py::test_components_restore_and_recreate_linear_projection 
[gw0] [ 17%] PASSED src/napari_phasors/_tests/test_components_tab.py::test_components_restore_and_recreate_linear_projection 
src/napari_phasors/_tests/test_components_tab.py::test_components_restore_no_component_analysis_is_noop 
[gw0] [ 17%] PASSED src/napari_phasors/_tests/test_components_tab.py::test_components_restore_no_component_analysis_is_noop 
src/napari_phasors/_tests/test_components_tab.py::test_components_reset_plot_settings_and_artists 
[gw0] [ 17%] PASSED src/napari_phasors/_tests/test_components_tab.py::test_components_reset_plot_settings_and_artists 
src/napari_phasors/_tests/test_components_tab.py::test_components_pure_helpers 
[gw0] [ 17%] PASSED src/napari_phasors/_tests/test_components_tab.py::test_components_pure_helpers 
src/napari_phasors/_tests/test_components_tab.py::test_components_restore_on_layer_change_without_layer 
[gw0] [ 17%] PASSED src/napari_phasors/_tests/test_components_tab.py::test_components_restore_on_layer_change_without_layer 
src/napari_phasors/_tests/test_components_tab.py::test_components_selection_event_updates_existing_dot 
[gw0] [ 17%] PASSED src/napari_phasors/_tests/test_components_tab.py::test_components_selection_event_updates_existing_dot 
src/napari_phasors/_tests/test_components_tab.py::test_components_component_fit_three_and_colors 
[gw0] [ 17%] PASSED src/napari_phasors/_tests/test_components_tab.py::test_components_component_fit_three_and_colors 
src/napari_phasors/_tests/test_components_tab.py::test_components_redisplay_preserves_display_settings 
[gw0] [ 17%] PASSED src/napari_phasors/_tests/test_components_tab.py::test_components_redisplay_preserves_display_settings 
src/napari_phasors/_tests/test_components_tab.py::test_components_auto_place_by_index 
[gw0] [ 18%] PASSED src/napari_phasors/_tests/test_components_tab.py::test_components_auto_place_by_index 
src/napari_phasors/_tests/test_components_tab.py::test_components_fraction_layer_colormap_and_contrast_events 
[gw0] [ 18%] PASSED src/napari_phasors/_tests/test_components_tab.py::test_components_fraction_layer_colormap_and_contrast_events 
src/napari_phasors/_tests/test_components_tab.py::test_components_name_change_creates_and_moves_label 
[gw0] [ 18%] PASSED src/napari_phasors/_tests/test_components_tab.py::test_components_name_change_creates_and_moves_label 
src/napari_phasors/_tests/test_components_tab.py::test_components_component_fit_prompts_for_more_harmonics 
[gw0] [ 18%] PASSED src/napari_phasors/_tests/test_components_tab.py::test_components_component_fit_prompts_for_more_harmonics 
src/napari_phasors/_tests/test_components_tab.py::test_components_teardown_and_restore_for_harmonic 
[gw0] [ 18%] PASSED src/napari_phasors/_tests/test_components_tab.py::test_components_teardown_and_restore_for_harmonic 
src/napari_phasors/_tests/test_components_tab.py::test_components_apply_saved_colormap_settings 
[gw0] [ 18%] PASSED src/napari_phasors/_tests/test_components_tab.py::test_components_apply_saved_colormap_settings 
src/napari_phasors/_tests/test_components_tab.py::test_components_recreate_variants_and_colormaps 
[gw0] [ 18%] PASSED src/napari_phasors/_tests/test_components_tab.py::test_components_recreate_variants_and_colormaps 
src/napari_phasors/_tests/test_components_tab.py::test_components_widget_harmonics_none_fallback 
[gw0] [ 18%] PASSED src/napari_phasors/_tests/test_components_tab.py::test_components_widget_harmonics_none_fallback 
src/napari_phasors/_tests/test_components_tab.py::test_components_widget_exceptions 
[gw0] [ 18%] PASSED src/napari_phasors/_tests/test_components_tab.py::test_components_widget_exceptions 
src/napari_phasors/_tests/test_components_tab.py::test_components_widget_fraction_histogram_overlay 
[gw0] [ 18%] PASSED src/napari_phasors/_tests/test_components_tab.py::test_components_widget_fraction_histogram_overlay 
src/napari_phasors/_tests/test_components_tab.py::test_components_widget_fraction_histogram_height_setting 
[gw0] [ 18%] PASSED src/napari_phasors/_tests/test_components_tab.py::test_components_widget_fraction_histogram_height_setting 
src/napari_phasors/_tests/test_components_tab.py::test_components_widget_fraction_histogram_offset_flips_side 
[gw0] [ 18%] PASSED src/napari_phasors/_tests/test_components_tab.py::test_components_widget_fraction_histogram_offset_flips_side 
src/napari_phasors/_tests/test_components_tab.py::test_center_fill_slider_paint_event_zero_span 
[gw0] [ 19%] PASSED src/napari_phasors/_tests/test_components_tab.py::test_center_fill_slider_paint_event_zero_span 
src/napari_phasors/_tests/test_components_tab.py::test_restore_fraction_layer_colormaps_applies_gamma 
[gw0] [ 19%] PASSED src/napari_phasors/_tests/test_components_tab.py::test_restore_fraction_layer_colormaps_applies_gamma 
src/napari_phasors/_tests/test_components_tab.py::test_on_color_button_clicked_updates_color_and_metadata 
[gw0] [ 19%] PASSED src/napari_phasors/_tests/test_components_tab.py::test_on_color_button_clicked_updates_color_and_metadata 
src/napari_phasors/_tests/test_components_tab.py::test_apply_saved_colormap_settings_exception_reconnects_gamma 
[gw0] [ 19%] PASSED src/napari_phasors/_tests/test_components_tab.py::test_apply_saved_colormap_settings_exception_reconnects_gamma 
src/napari_phasors/_tests/test_components_tab.py::test_on_histogram_offset_changed_updates_metadata_and_redraws 
[gw0] [ 19%] PASSED src/napari_phasors/_tests/test_components_tab.py::test_on_histogram_offset_changed_updates_metadata_and_redraws 
src/napari_phasors/_tests/test_components_tab.py::test_on_histogram_transparency_changed_updates_metadata_and_redraws 
[gw0] [ 19%] PASSED src/napari_phasors/_tests/test_components_tab.py::test_on_histogram_transparency_changed_updates_metadata_and_redraws 
src/napari_phasors/_tests/test_components_tab.py::test_remove_histogram_overlay_single_artist 
[gw0] [ 19%] PASSED src/napari_phasors/_tests/test_components_tab.py::test_remove_histogram_overlay_single_artist 
src/napari_phasors/_tests/test_components_tab.py::test_get_all_artists_and_set_artists_visible_single_histogram_artist 
[gw0] [ 19%] PASSED src/napari_phasors/_tests/test_components_tab.py::test_get_all_artists_and_set_artists_visible_single_histogram_artist 
src/napari_phasors/_tests/test_components_tab.py::test_get_first_component_fraction_values_pools_multiple_layers 
[gw0] [ 19%] PASSED src/napari_phasors/_tests/test_components_tab.py::test_get_first_component_fraction_values_pools_multiple_layers 
src/napari_phasors/_tests/test_components_tab.py::test_get_first_component_fraction_values_fallback_to_comp1_layer 
[gw0] [ 19%] PASSED src/napari_phasors/_tests/test_components_tab.py::test_get_first_component_fraction_values_fallback_to_comp1_layer 
src/napari_phasors/_tests/test_components_tab.py::test_get_first_component_fraction_values_returns_empty_with_no_data 
[gw0] [ 19%] PASSED src/napari_phasors/_tests/test_components_tab.py::test_get_first_component_fraction_values_returns_empty_with_no_data 
src/napari_phasors/_tests/test_components_tab.py::test_draw_colormap_line_jet_fallback 
[gw0] [ 19%] PASSED src/napari_phasors/_tests/test_components_tab.py::test_draw_colormap_line_jet_fallback 
src/napari_phasors/_tests/test_components_tab.py::test_sync_component_layers_gamma_guard_returns_early 
[gw0] [ 20%] PASSED src/napari_phasors/_tests/test_components_tab.py::test_sync_component_layers_gamma_guard_returns_early 
src/napari_phasors/_tests/test_components_tab.py::test_find_and_reconnect_layer_expected_name 
[gw0] [ 20%] PASSED src/napari_phasors/_tests/test_components_tab.py::test_find_and_reconnect_layer_expected_name 
src/napari_phasors/_tests/test_components_tab.py::test_find_and_reconnect_layer_possible_names 
[gw0] [ 20%] PASSED src/napari_phasors/_tests/test_components_tab.py::test_find_and_reconnect_layer_possible_names 
src/napari_phasors/_tests/test_components_tab.py::test_get_inverted_colormap_name_fallback 
[gw0] [ 20%] PASSED src/napari_phasors/_tests/test_components_tab.py::test_get_inverted_colormap_name_fallback 
src/napari_phasors/_tests/test_components_tab.py::test_linear_projection_preserves_gamma_on_redisplay 
[gw0] [ 20%] PASSED src/napari_phasors/_tests/test_components_tab.py::test_linear_projection_preserves_gamma_on_redisplay 
src/napari_phasors/_tests/test_components_tab.py::test_linear_projection_restores_saved_gamma_from_metadata 
[gw0] [ 20%] PASSED src/napari_phasors/_tests/test_components_tab.py::test_linear_projection_restores_saved_gamma_from_metadata 
src/napari_phasors/_tests/test_components_tab.py::test_component_fit_restores_saved_gamma_for_non_first_component 
[gw0] [ 20%] PASSED src/napari_phasors/_tests/test_components_tab.py::test_component_fit_restores_saved_gamma_for_non_first_component 
src/napari_phasors/_tests/test_components_tab.py::test_draw_fraction_histogram_overlay_empty_values_returns_none 
[gw0] [ 20%] PASSED src/napari_phasors/_tests/test_components_tab.py::test_draw_fraction_histogram_overlay_empty_values_returns_none 
src/napari_phasors/_tests/test_components_tab.py::test_draw_fraction_histogram_overlay_all_values_out_of_range 
[gw0] [ 20%] PASSED src/napari_phasors/_tests/test_components_tab.py::test_draw_fraction_histogram_overlay_all_values_out_of_range 
src/napari_phasors/_tests/test_components_tab.py::test_draw_fraction_histogram_overlay_smoothed_peak_not_positive 
[gw0] [ 20%] PASSED src/napari_phasors/_tests/test_components_tab.py::test_draw_fraction_histogram_overlay_smoothed_peak_not_positive 
src/napari_phasors/_tests/test_components_tab.py::test_draw_fraction_histogram_overlay_zero_length_line 
[gw0] [ 20%] PASSED src/napari_phasors/_tests/test_components_tab.py::test_draw_fraction_histogram_overlay_zero_length_line 
src/napari_phasors/_tests/test_components_tab.py::test_draw_fraction_histogram_overlay_normal_flip_sign 
[gw0] [ 20%] PASSED src/napari_phasors/_tests/test_components_tab.py::test_draw_fraction_histogram_overlay_normal_flip_sign 
src/napari_phasors/_tests/test_components_tab.py::test_draw_fraction_histogram_overlay_zero_height_returns_none 
[gw0] [ 21%] PASSED src/napari_phasors/_tests/test_components_tab.py::test_draw_fraction_histogram_overlay_zero_height_returns_none 
src/napari_phasors/_tests/test_components_tab.py::test_draw_fraction_histogram_overlay_degenerate_contrast_limits 
[gw0] [ 21%] PASSED src/napari_phasors/_tests/test_components_tab.py::test_draw_fraction_histogram_overlay_degenerate_contrast_limits 
src/napari_phasors/_tests/test_components_tab.py::test_draw_fraction_histogram_overlay_gamma_power_norm 
[gw0] [ 21%] PASSED src/napari_phasors/_tests/test_components_tab.py::test_draw_fraction_histogram_overlay_gamma_power_norm 
src/napari_phasors/_tests/test_components_tab.py::test_draw_fraction_histogram_overlay_fractions_colormap_branches 
[gw0] [ 21%] PASSED src/napari_phasors/_tests/test_components_tab.py::test_draw_fraction_histogram_overlay_fractions_colormap_branches 
src/napari_phasors/_tests/test_components_tab.py::test_draw_components_overlay_draws_fraction_histogram 
[gw0] [ 21%] PASSED src/napari_phasors/_tests/test_components_tab.py::test_draw_components_overlay_draws_fraction_histogram 
src/napari_phasors/_tests/test_components_tab.py::test_component_fit_rename_replaces_layers 
[gw0] [ 21%] PASSED src/napari_phasors/_tests/test_components_tab.py::test_component_fit_rename_replaces_layers 
src/napari_phasors/_tests/test_components_tab.py::test_manually_renamed_fraction_layer_updated_in_place 
[gw0] [ 21%] PASSED src/napari_phasors/_tests/test_components_tab.py::test_manually_renamed_fraction_layer_updated_in_place 
src/napari_phasors/_tests/test_components_tab.py::test_source_rename_updates_fraction_tags 
[gw0] [ 21%] PASSED src/napari_phasors/_tests/test_components_tab.py::test_source_rename_updates_fraction_tags 
src/napari_phasors/_tests/test_components_tab.py::test_renamed_fraction_layer_stays_in_histogram_combobox 
[gw0] [ 21%] PASSED src/napari_phasors/_tests/test_components_tab.py::test_renamed_fraction_layer_stays_in_histogram_combobox 
src/napari_phasors/_tests/test_components_tab.py::test_component_display_name_from_tag 
[gw0] [ 21%] PASSED src/napari_phasors/_tests/test_components_tab.py::test_component_display_name_from_tag 
src/napari_phasors/_tests/test_components_tab.py::test_find_component_fraction_layer_paths 
[gw0] [ 21%] PASSED src/napari_phasors/_tests/test_components_tab.py::test_find_component_fraction_layer_paths 
src/napari_phasors/_tests/test_components_tab.py::test_plot_settings_dialog_histogram_group_disabled_in_component_fit 
[gw0] [ 21%] PASSED src/napari_phasors/_tests/test_components_tab.py::test_plot_settings_dialog_histogram_group_disabled_in_component_fit 
src/napari_phasors/_tests/test_components_tab.py::test_component_fit_multi_layer_per_row_datasets 
[gw0] [ 22%] PASSED src/napari_phasors/_tests/test_components_tab.py::test_component_fit_multi_layer_per_row_datasets 
src/napari_phasors/_tests/test_components_tab.py::test_linear_projection_second_component_per_row 
[gw0] [ 22%] PASSED src/napari_phasors/_tests/test_components_tab.py::test_linear_projection_second_component_per_row 
src/napari_phasors/_tests/test_components_tab.py::test_switch_to_linear_projection_hides_stale_component_fit 
[gw0] [ 22%] PASSED src/napari_phasors/_tests/test_components_tab.py::test_switch_to_linear_projection_hides_stale_component_fit 
src/napari_phasors/_tests/test_selection_tab.py::test_selection_widget_initialization_values 
[gw0] [ 22%] PASSED src/napari_phasors/_tests/test_selection_tab.py::test_selection_widget_initialization_values 
src/napari_phasors/_tests/test_selection_tab.py::test_selection_widget_with_layer_data 
[gw0] [ 22%] PASSED src/napari_phasors/_tests/test_selection_tab.py::test_selection_widget_with_layer_data 
src/napari_phasors/_tests/test_selection_tab.py::test_selection_id_property_getter 
[gw0] [ 22%] PASSED src/napari_phasors/_tests/test_selection_tab.py::test_selection_id_property_getter 
src/napari_phasors/_tests/test_selection_tab.py::test_find_phasors_layer_by_name 
[gw0] [ 22%] PASSED src/napari_phasors/_tests/test_selection_tab.py::test_find_phasors_layer_by_name 
src/napari_phasors/_tests/test_selection_tab.py::test_get_next_available_selection_with_layer 
[gw0] [ 22%] PASSED src/napari_phasors/_tests/test_selection_tab.py::test_get_next_available_selection_with_layer 
src/napari_phasors/_tests/test_selection_tab.py::test_update_phasor_plot_no_layer 
[gw0] [ 22%] PASSED src/napari_phasors/_tests/test_selection_tab.py::test_update_phasor_plot_no_layer 
src/napari_phasors/_tests/test_selection_tab.py::test_update_phasor_plot_during_update 
[gw0] [ 22%] PASSED src/napari_phasors/_tests/test_selection_tab.py::test_update_phasor_plot_during_update 
src/napari_phasors/_tests/test_selection_tab.py::test_create_phasors_selected_layer_no_layer 
[gw0] [ 22%] PASSED src/napari_phasors/_tests/test_selection_tab.py::test_create_phasors_selected_layer_no_layer 
src/napari_phasors/_tests/test_selection_tab.py::test_create_phasors_selected_layer_with_data 
[gw0] [ 22%] PASSED src/napari_phasors/_tests/test_selection_tab.py::test_create_phasors_selected_layer_with_data 
src/napari_phasors/_tests/test_selection_tab.py::test_no_selection_processing_during_plot_update 
[gw0] [ 23%] PASSED src/napari_phasors/_tests/test_selection_tab.py::test_no_selection_processing_during_plot_update 
src/napari_phasors/_tests/test_selection_tab.py::test_selection_mode_switching 
[gw0] [ 23%] PASSED src/napari_phasors/_tests/test_selection_tab.py::test_selection_mode_switching 
src/napari_phasors/_tests/test_selection_tab.py::test_selection_mode_changed_all_modes 
[gw0] [ 23%] PASSED src/napari_phasors/_tests/test_selection_tab.py::test_selection_mode_changed_all_modes 
src/napari_phasors/_tests/test_selection_tab.py::test_cursor_selection_widget_initialization 
[gw0] [ 23%] PASSED src/napari_phasors/_tests/test_selection_tab.py::test_cursor_selection_widget_initialization 
src/napari_phasors/_tests/test_selection_tab.py::test_cursor_add_circular 
[gw0] [ 23%] PASSED src/napari_phasors/_tests/test_selection_tab.py::test_cursor_add_circular 
src/napari_phasors/_tests/test_selection_tab.py::test_cursor_add_elliptic_defaults 
[gw0] [ 23%] PASSED src/napari_phasors/_tests/test_selection_tab.py::test_cursor_add_elliptic_defaults 
src/napari_phasors/_tests/test_selection_tab.py::test_cursor_add_polar_defaults 
[gw0] [ 23%] PASSED src/napari_phasors/_tests/test_selection_tab.py::test_cursor_add_polar_defaults 
src/napari_phasors/_tests/test_selection_tab.py::test_cursor_type_change_field_visibility 
[gw0] [ 23%] PASSED src/napari_phasors/_tests/test_selection_tab.py::test_cursor_type_change_field_visibility 
src/napari_phasors/_tests/test_selection_tab.py::test_cursor_selection_follows_add_and_row_click 
[gw0] [ 23%] PASSED src/napari_phasors/_tests/test_selection_tab.py::test_cursor_selection_follows_add_and_row_click 
src/napari_phasors/_tests/test_selection_tab.py::test_select_cursor_ignores_foreign_cursor 
[gw0] [ 23%] PASSED src/napari_phasors/_tests/test_selection_tab.py::test_select_cursor_ignores_foreign_cursor 
src/napari_phasors/_tests/test_selection_tab.py::test_refresh_editor_title_without_selection 
[gw0] [ 23%] PASSED src/napari_phasors/_tests/test_selection_tab.py::test_refresh_editor_title_without_selection 
src/napari_phasors/_tests/test_selection_tab.py::test_editor_title_updates_with_shape 
[gw0] [ 23%] PASSED src/napari_phasors/_tests/test_selection_tab.py::test_editor_title_updates_with_shape 
src/napari_phasors/_tests/test_selection_tab.py::test_make_spinbox_default_width_ref 
[gw0] [ 24%] PASSED src/napari_phasors/_tests/test_selection_tab.py::test_make_spinbox_default_width_ref 
src/napari_phasors/_tests/test_selection_tab.py::test_cursor_remove 
[gw0] [ 24%] PASSED src/napari_phasors/_tests/test_selection_tab.py::test_cursor_remove 
src/napari_phasors/_tests/test_selection_tab.py::test_cursor_set1_colormap 
[gw0] [ 24%] PASSED src/napari_phasors/_tests/test_selection_tab.py::test_cursor_set1_colormap 
src/napari_phasors/_tests/test_selection_tab.py::test_cursor_row_spinbox_updates 
[gw0] [ 24%] PASSED src/napari_phasors/_tests/test_selection_tab.py::test_cursor_row_spinbox_updates 
src/napari_phasors/_tests/test_selection_tab.py::test_cursor_last_radius_used 
[gw0] [ 24%] PASSED src/napari_phasors/_tests/test_selection_tab.py::test_cursor_last_radius_used 
src/napari_phasors/_tests/test_selection_tab.py::test_cursor_creates_labels_layer 
[gw0] [ 24%] PASSED src/napari_phasors/_tests/test_selection_tab.py::test_cursor_creates_labels_layer 
src/napari_phasors/_tests/test_selection_tab.py::test_cursor_combined_layer_mixed_shapes 
[gw0] [ 24%] PASSED src/napari_phasors/_tests/test_selection_tab.py::test_cursor_combined_layer_mixed_shapes 
src/napari_phasors/_tests/test_selection_tab.py::test_cursor_labels_layer_visibility 
[gw0] [ 24%] PASSED src/napari_phasors/_tests/test_selection_tab.py::test_cursor_labels_layer_visibility 
src/napari_phasors/_tests/test_selection_tab.py::test_cursor_autoupdate_checkbox 
[gw0] [ 24%] PASSED src/napari_phasors/_tests/test_selection_tab.py::test_cursor_autoupdate_checkbox 
src/napari_phasors/_tests/test_selection_tab.py::test_cursor_calculate_button 
[gw0] [ 24%] PASSED src/napari_phasors/_tests/test_selection_tab.py::test_cursor_calculate_button 
src/napari_phasors/_tests/test_selection_tab.py::test_cursor_count_and_percentage 
[gw0] [ 24%] PASSED src/napari_phasors/_tests/test_selection_tab.py::test_cursor_count_and_percentage 
src/napari_phasors/_tests/test_selection_tab.py::test_cursor_statistics_update_on_change 
[gw0] [ 24%] PASSED src/napari_phasors/_tests/test_selection_tab.py::test_cursor_statistics_update_on_change 
src/napari_phasors/_tests/test_selection_tab.py::test_cursor_clear_and_redraw_patches 
[gw0] [ 25%] PASSED src/napari_phasors/_tests/test_selection_tab.py::test_cursor_clear_and_redraw_patches 
src/napari_phasors/_tests/test_selection_tab.py::test_cursor_clear_all 
[gw0] [ 25%] PASSED src/napari_phasors/_tests/test_selection_tab.py::test_cursor_clear_all 
src/napari_phasors/_tests/test_selection_tab.py::test_manual_selection_layers_hidden_in_cursor_mode 
[gw0] [ 25%] PASSED src/napari_phasors/_tests/test_selection_tab.py::test_manual_selection_layers_hidden_in_cursor_mode 
src/napari_phasors/_tests/test_selection_tab.py::test_cursor_drag_initialization 
[gw0] [ 25%] PASSED src/napari_phasors/_tests/test_selection_tab.py::test_cursor_drag_initialization 
src/napari_phasors/_tests/test_selection_tab.py::test_cursor_drag_motion 
[gw0] [ 25%] PASSED src/napari_phasors/_tests/test_selection_tab.py::test_cursor_drag_motion 
src/napari_phasors/_tests/test_selection_tab.py::test_cursor_drag_release 
[gw0] [ 25%] PASSED src/napari_phasors/_tests/test_selection_tab.py::test_cursor_drag_release 
src/napari_phasors/_tests/test_selection_tab.py::test_cursor_drag_without_pick 
[gw0] [ 25%] PASSED src/napari_phasors/_tests/test_selection_tab.py::test_cursor_drag_without_pick 
src/napari_phasors/_tests/test_selection_tab.py::test_cursor_drag_updates_patch_position 
[gw0] [ 25%] PASSED src/napari_phasors/_tests/test_selection_tab.py::test_cursor_drag_updates_patch_position 
src/napari_phasors/_tests/test_selection_tab.py::test_cursor_no_auto_apply_during_drag 
[gw0] [ 25%] PASSED src/napari_phasors/_tests/test_selection_tab.py::test_cursor_no_auto_apply_during_drag 
src/napari_phasors/_tests/test_selection_tab.py::test_elliptical_cursor_drag_and_rotate_logic 
[gw0] [ 25%] PASSED src/napari_phasors/_tests/test_selection_tab.py::test_elliptical_cursor_drag_and_rotate_logic 
src/napari_phasors/_tests/test_selection_tab.py::test_elliptical_cursor_drag_cycle 
[gw0] [ 25%] PASSED src/napari_phasors/_tests/test_selection_tab.py::test_elliptical_cursor_drag_cycle 
src/napari_phasors/_tests/test_selection_tab.py::test_polar_cursor_not_translated_but_edge_editable 
[gw0] [ 25%] PASSED src/napari_phasors/_tests/test_selection_tab.py::test_polar_cursor_not_translated_but_edge_editable 
src/napari_phasors/_tests/test_selection_tab.py::test_polar_closest_edge_detection 
[gw0] [ 26%] PASSED src/napari_phasors/_tests/test_selection_tab.py::test_polar_closest_edge_detection 
src/napari_phasors/_tests/test_selection_tab.py::test_polar_edge_drag_changes_value_not_center 
[gw0] [ 26%] PASSED src/napari_phasors/_tests/test_selection_tab.py::test_polar_edge_drag_changes_value_not_center 
src/napari_phasors/_tests/test_selection_tab.py::test_polar_edge_drag_changes_phase 
[gw0] [ 26%] PASSED src/napari_phasors/_tests/test_selection_tab.py::test_polar_edge_drag_changes_phase 
src/napari_phasors/_tests/test_selection_tab.py::test_cursor_storage_in_metadata 
[gw0] [ 26%] PASSED src/napari_phasors/_tests/test_selection_tab.py::test_cursor_storage_in_metadata 
src/napari_phasors/_tests/test_selection_tab.py::test_cursor_restoration_from_metadata 
[gw0] [ 26%] PASSED src/napari_phasors/_tests/test_selection_tab.py::test_cursor_restoration_from_metadata 
src/napari_phasors/_tests/test_selection_tab.py::test_cursor_metadata_updates_on_change 
[gw0] [ 26%] PASSED src/napari_phasors/_tests/test_selection_tab.py::test_cursor_metadata_updates_on_change 
src/napari_phasors/_tests/test_selection_tab.py::test_polar_cursor_restore_from_metadata 
[gw0] [ 26%] PASSED src/napari_phasors/_tests/test_selection_tab.py::test_polar_cursor_restore_from_metadata 
src/napari_phasors/_tests/test_selection_tab.py::test_elliptical_cursor_restore_from_metadata 
[gw0] [ 26%] PASSED src/napari_phasors/_tests/test_selection_tab.py::test_elliptical_cursor_restore_from_metadata 
src/napari_phasors/_tests/test_selection_tab.py::test_cursor_harmonic_storage 
[gw0] [ 26%] PASSED src/napari_phasors/_tests/test_selection_tab.py::test_cursor_harmonic_storage 
src/napari_phasors/_tests/test_selection_tab.py::test_cursor_harmonic_visibility 
[gw0] [ 26%] PASSED src/napari_phasors/_tests/test_selection_tab.py::test_cursor_harmonic_visibility 
src/napari_phasors/_tests/test_selection_tab.py::test_cursor_harmonic_row_filtering 
[gw0] [ 26%] PASSED src/napari_phasors/_tests/test_selection_tab.py::test_cursor_harmonic_row_filtering 
src/napari_phasors/_tests/test_selection_tab.py::test_cursor_harmonic_color_indexing 
[gw0] [ 26%] PASSED src/napari_phasors/_tests/test_selection_tab.py::test_cursor_harmonic_color_indexing 
src/napari_phasors/_tests/test_selection_tab.py::test_cursor_remove_updates_rows 
[gw0] [ 27%] PASSED src/napari_phasors/_tests/test_selection_tab.py::test_cursor_remove_updates_rows 
src/napari_phasors/_tests/test_selection_tab.py::test_cursor_labels_layer_per_harmonic 
[gw0] [ 27%] PASSED src/napari_phasors/_tests/test_selection_tab.py::test_cursor_labels_layer_per_harmonic 
src/napari_phasors/_tests/test_selection_tab.py::test_polar_cursor_clamping_and_validation 
[gw0] [ 27%] PASSED src/napari_phasors/_tests/test_selection_tab.py::test_polar_cursor_clamping_and_validation 
src/napari_phasors/_tests/test_selection_tab.py::test_cursor_coordinate_clipping 
[gw0] [ 27%] PASSED src/napari_phasors/_tests/test_selection_tab.py::test_cursor_coordinate_clipping 
src/napari_phasors/_tests/test_selection_tab.py::test_cursor_added_at_custom_limits 
[gw0] [ 27%] PASSED src/napari_phasors/_tests/test_selection_tab.py::test_cursor_added_at_custom_limits 
src/napari_phasors/_tests/test_selection_tab.py::test_cursor_lifecycle[circular] 
[gw0] [ 27%] PASSED src/napari_phasors/_tests/test_selection_tab.py::test_cursor_lifecycle[circular] 
src/napari_phasors/_tests/test_selection_tab.py::test_cursor_lifecycle[elliptic] 
[gw0] [ 27%] PASSED src/napari_phasors/_tests/test_selection_tab.py::test_cursor_lifecycle[elliptic] 
src/napari_phasors/_tests/test_selection_tab.py::test_cursor_lifecycle[polar] 
[gw0] [ 27%] PASSED src/napari_phasors/_tests/test_selection_tab.py::test_cursor_lifecycle[polar] 
src/napari_phasors/_tests/test_selection_tab.py::test_cursor_autoupdate_applies_on_add[circular] 
[gw0] [ 27%] PASSED src/napari_phasors/_tests/test_selection_tab.py::test_cursor_autoupdate_applies_on_add[circular] 
src/napari_phasors/_tests/test_selection_tab.py::test_cursor_autoupdate_applies_on_add[elliptic] 
[gw0] [ 27%] PASSED src/napari_phasors/_tests/test_selection_tab.py::test_cursor_autoupdate_applies_on_add[elliptic] 
src/napari_phasors/_tests/test_selection_tab.py::test_cursor_autoupdate_applies_on_add[polar] 
[gw0] [ 27%] PASSED src/napari_phasors/_tests/test_selection_tab.py::test_cursor_autoupdate_applies_on_add[polar] 
src/napari_phasors/_tests/test_selection_tab.py::test_cursor_statistics_with_autoupdate_and_hover 
[gw0] [ 27%] PASSED src/napari_phasors/_tests/test_selection_tab.py::test_cursor_statistics_with_autoupdate_and_hover 
src/napari_phasors/_tests/test_selection_tab.py::test_cursor_remove_keeps_remaining_functional 
[gw0] [ 28%] PASSED src/napari_phasors/_tests/test_selection_tab.py::test_cursor_remove_keeps_remaining_functional 
src/napari_phasors/_tests/test_selection_tab.py::test_cursor_multi_statistics 
[gw0] [ 28%] PASSED src/napari_phasors/_tests/test_selection_tab.py::test_cursor_multi_statistics 
src/napari_phasors/_tests/test_selection_tab.py::test_cursor_row_edit_updates_patch 
[gw0] [ 28%] PASSED src/napari_phasors/_tests/test_selection_tab.py::test_cursor_row_edit_updates_patch 
src/napari_phasors/_tests/test_selection_tab.py::test_automatic_clustering_widget_initialization 
[gw0] [ 28%] PASSED src/napari_phasors/_tests/test_selection_tab.py::test_automatic_clustering_widget_initialization 
src/napari_phasors/_tests/test_selection_tab.py::test_automatic_clustering_apply_gmm 
[gw0] [ 28%] PASSED src/napari_phasors/_tests/test_selection_tab.py::test_automatic_clustering_apply_gmm 
src/napari_phasors/_tests/test_selection_tab.py::test_automatic_clustering_table_has_no_internal_scrollbar 
[gw0] [ 28%] PASSED src/napari_phasors/_tests/test_selection_tab.py::test_automatic_clustering_table_has_no_internal_scrollbar 
src/napari_phasors/_tests/test_selection_tab.py::test_automatic_clustering_clear_clusters 
[gw0] [ 28%] PASSED src/napari_phasors/_tests/test_selection_tab.py::test_automatic_clustering_clear_clusters 
src/napari_phasors/_tests/test_selection_tab.py::test_automatic_clustering_harmonic_storage 
[gw0] [ 28%] PASSED src/napari_phasors/_tests/test_selection_tab.py::test_automatic_clustering_harmonic_storage 
src/napari_phasors/_tests/test_selection_tab.py::test_automatic_clustering_remove_cluster 
[gw0] [ 28%] PASSED src/napari_phasors/_tests/test_selection_tab.py::test_automatic_clustering_remove_cluster 
src/napari_phasors/_tests/test_selection_tab.py::test_automatic_clustering_count_and_percentage 
[gw0] [ 28%] PASSED src/napari_phasors/_tests/test_selection_tab.py::test_automatic_clustering_count_and_percentage 
src/napari_phasors/_tests/test_selection_tab.py::test_automatic_clustering_lifecycle 
[gw0] [ 28%] PASSED src/napari_phasors/_tests/test_selection_tab.py::test_automatic_clustering_lifecycle 
src/napari_phasors/_tests/test_selection_tab.py::test_automatic_clustering_reapply_variants 
[gw0] [ 28%] PASSED src/napari_phasors/_tests/test_selection_tab.py::test_automatic_clustering_reapply_variants 
src/napari_phasors/_tests/test_selection_tab.py::test_on_harmonic_changed_only_updates_active_mode 
[gw0] [ 28%] PASSED src/napari_phasors/_tests/test_selection_tab.py::test_on_harmonic_changed_only_updates_active_mode 
src/napari_phasors/_tests/test_selection_tab.py::test_labels_layer_visibility_on_tab_toggle 
[gw0] [ 29%] PASSED src/napari_phasors/_tests/test_selection_tab.py::test_labels_layer_visibility_on_tab_toggle 
src/napari_phasors/_tests/test_selection_tab.py::test_selection_widget_image_layer_and_selection_id 
[gw0] [ 29%] PASSED src/napari_phasors/_tests/test_selection_tab.py::test_selection_widget_image_layer_and_selection_id 
src/napari_phasors/_tests/test_selection_tab.py::test_selection_widget_manual_overlay_and_selection_id 
[gw0] [ 29%] PASSED src/napari_phasors/_tests/test_selection_tab.py::test_selection_widget_manual_overlay_and_selection_id 
src/napari_phasors/_tests/test_selection_tab.py::test_recreate_manual_selection_layer 
[gw0] [ 29%] PASSED src/napari_phasors/_tests/test_selection_tab.py::test_recreate_manual_selection_layer 
src/napari_phasors/_tests/test_selection_tab.py::test_cursor_widget_control_tooltips 
[gw0] [ 29%] PASSED src/napari_phasors/_tests/test_selection_tab.py::test_cursor_widget_control_tooltips 
src/napari_phasors/_tests/test_selection_tab.py::test_cursor_row_parameter_tooltips 
[gw0] [ 29%] PASSED src/napari_phasors/_tests/test_selection_tab.py::test_cursor_row_parameter_tooltips 
src/napari_phasors/_tests/test_selection_tab.py::test_cursor_visibility_button_defaults 
[gw0] [ 29%] PASSED src/napari_phasors/_tests/test_selection_tab.py::test_cursor_visibility_button_defaults 
src/napari_phasors/_tests/test_selection_tab.py::test_cursor_visibility_toggle_hides_patch 
[gw0] [ 29%] PASSED src/napari_phasors/_tests/test_selection_tab.py::test_cursor_visibility_toggle_hides_patch 
src/napari_phasors/_tests/test_selection_tab.py::test_cursor_visibility_excludes_from_selection 
[gw0] [ 29%] PASSED src/napari_phasors/_tests/test_selection_tab.py::test_cursor_visibility_excludes_from_selection 
src/napari_phasors/_tests/test_selection_tab.py::test_cursor_visibility_overlap_logic 
[gw0] [ 29%] PASSED src/napari_phasors/_tests/test_selection_tab.py::test_cursor_visibility_overlap_logic 
src/napari_phasors/_tests/test_selection_tab.py::test_cursor_visibility_recompute_when_layer_exists 
[gw0] [ 29%] PASSED src/napari_phasors/_tests/test_selection_tab.py::test_cursor_visibility_recompute_when_layer_exists 
src/napari_phasors/_tests/test_selection_tab.py::test_cursor_visibility_no_recompute_without_layer 
[gw0] [ 29%] PASSED src/napari_phasors/_tests/test_selection_tab.py::test_cursor_visibility_no_recompute_without_layer 
src/napari_phasors/_tests/test_selection_tab.py::test_cursor_visibility_persisted_in_metadata 
[gw0] [ 30%] PASSED src/napari_phasors/_tests/test_selection_tab.py::test_cursor_visibility_persisted_in_metadata 
src/napari_phasors/_tests/test_selection_tab.py::test_cursor_visibility_restored_from_metadata 
[gw0] [ 30%] PASSED src/napari_phasors/_tests/test_selection_tab.py::test_cursor_visibility_restored_from_metadata 
src/napari_phasors/_tests/test_selection_tab.py::test_cursor_visibility_missing_metadata_defaults_true 
[gw0] [ 30%] PASSED src/napari_phasors/_tests/test_selection_tab.py::test_cursor_visibility_missing_metadata_defaults_true 
src/napari_phasors/_tests/test_utils_widgets.py::test_histogram_widget_update_data_and_clear 
[gw0] [ 30%] PASSED src/napari_phasors/_tests/test_utils_widgets.py::test_histogram_widget_update_data_and_clear 
src/napari_phasors/_tests/test_utils_widgets.py::test_histogram_widget_save_csv 
[gw0] [ 30%] PASSED src/napari_phasors/_tests/test_utils_widgets.py::test_histogram_widget_save_csv 
src/napari_phasors/_tests/test_utils_widgets.py::test_histogram_widget_default_filter_keeps_zero 
[gw0] [ 30%] PASSED src/napari_phasors/_tests/test_utils_widgets.py::test_histogram_widget_default_filter_keeps_zero 
src/napari_phasors/_tests/test_utils_widgets.py::test_histogram_widget_exclude_nonpositive_option 
[gw0] [ 30%] PASSED src/napari_phasors/_tests/test_utils_widgets.py::test_histogram_widget_exclude_nonpositive_option 
src/napari_phasors/_tests/test_utils_widgets.py::test_histogram_widget_update_multi_data_autosd 
[gw0] [ 30%] PASSED src/napari_phasors/_tests/test_utils_widgets.py::test_histogram_widget_update_multi_data_autosd 
src/napari_phasors/_tests/test_utils_widgets.py::test_histogram_widget_gamma_uses_power_norm 
[gw0] [ 30%] PASSED src/napari_phasors/_tests/test_utils_widgets.py::test_histogram_widget_gamma_uses_power_norm 
src/napari_phasors/_tests/test_utils_widgets.py::test_histogram_widget_grouped_sd_band 
[gw0] [ 30%] PASSED src/napari_phasors/_tests/test_utils_widgets.py::test_histogram_widget_grouped_sd_band 
src/napari_phasors/_tests/test_utils_widgets.py::test_statistics_table_widget_populates_rows 
[gw0] [ 30%] PASSED src/napari_phasors/_tests/test_utils_widgets.py::test_statistics_table_widget_populates_rows 
src/napari_phasors/_tests/test_utils_widgets.py::test_statistics_table_widget_handles_empty_histogram_bins 
[gw0] [ 30%] PASSED src/napari_phasors/_tests/test_utils_widgets.py::test_statistics_table_widget_handles_empty_histogram_bins 
src/napari_phasors/_tests/test_utils_widgets.py::test_statistics_dock_widget_updates_for_single_and_grouped_data 
[gw0] [ 31%] PASSED src/napari_phasors/_tests/test_utils_widgets.py::test_statistics_dock_widget_updates_for_single_and_grouped_data 
src/napari_phasors/_tests/test_utils_widgets.py::test_histogram_dock_widget_links_statistics_dock 
[gw0] [ 31%] PASSED src/napari_phasors/_tests/test_utils_widgets.py::test_histogram_dock_widget_links_statistics_dock 
src/napari_phasors/_tests/test_utils_widgets.py::test_phasor_center_statistics_widget_update 
[gw0] [ 31%] PASSED src/napari_phasors/_tests/test_utils_widgets.py::test_phasor_center_statistics_widget_update 
src/napari_phasors/_tests/test_utils_widgets.py::test_histogram_widget_respects_range_slider_limits 
[gw0] [ 31%] PASSED src/napari_phasors/_tests/test_utils_widgets.py::test_histogram_widget_respects_range_slider_limits 
src/napari_phasors/_tests/test_utils_widgets.py::test_histogram_widget_rename_dataset 
[...]
src/napari_phasors/_tests/test_utils.py::test_apply_filter_and_threshold_custom_harmonics_subset 
[gw0] [ 92%] PASSED src/napari_phasors/_tests/test_utils.py::test_apply_filter_and_threshold_custom_harmonics_subset 
src/napari_phasors/_tests/test_utils.py::test_colormap_to_dict 
[gw0] [ 92%] PASSED src/napari_phasors/_tests/test_utils.py::test_colormap_to_dict 
src/napari_phasors/_tests/test_utils.py::test_update_frequency_in_metadata 
[gw0] [ 92%] PASSED src/napari_phasors/_tests/test_utils.py::test_update_frequency_in_metadata 
src/napari_phasors/_tests/test_utils.py::test_threshold_otsu_matches_skimage 
[gw0] [ 92%] PASSED src/napari_phasors/_tests/test_utils.py::test_threshold_otsu_matches_skimage 
src/napari_phasors/_tests/test_utils.py::test_threshold_otsu_matches_skimage_simple 
[gw0] [ 92%] PASSED src/napari_phasors/_tests/test_utils.py::test_threshold_otsu_matches_skimage_simple 
src/napari_phasors/_tests/test_utils.py::test_threshold_otsu_matches_skimage_exponential 
[gw0] [ 92%] PASSED src/napari_phasors/_tests/test_utils.py::test_threshold_otsu_matches_skimage_exponential 
src/napari_phasors/_tests/test_utils.py::test_threshold_otsu_empty 
[gw0] [ 92%] PASSED src/napari_phasors/_tests/test_utils.py::test_threshold_otsu_empty 
src/napari_phasors/_tests/test_utils.py::test_threshold_otsu_uniform 
[gw0] [ 92%] PASSED src/napari_phasors/_tests/test_utils.py::test_threshold_otsu_uniform 
src/napari_phasors/_tests/test_utils.py::test_threshold_li_matches_skimage 
[gw0] [ 92%] PASSED src/napari_phasors/_tests/test_utils.py::test_threshold_li_matches_skimage 
src/napari_phasors/_tests/test_utils.py::test_threshold_li_matches_skimage_simple 
[gw0] [ 93%] PASSED src/napari_phasors/_tests/test_utils.py::test_threshold_li_matches_skimage_simple 
src/napari_phasors/_tests/test_utils.py::test_threshold_li_matches_skimage_negative 
[gw0] [ 93%] PASSED src/napari_phasors/_tests/test_utils.py::test_threshold_li_matches_skimage_negative 
src/napari_phasors/_tests/test_utils.py::test_threshold_li_empty 
[gw0] [ 93%] PASSED src/napari_phasors/_tests/test_utils.py::test_threshold_li_empty 
src/napari_phasors/_tests/test_utils.py::test_threshold_li_uniform 
[gw0] [ 93%] PASSED src/napari_phasors/_tests/test_utils.py::test_threshold_li_uniform 
src/napari_phasors/_tests/test_utils.py::test_threshold_yen_matches_skimage 
[gw0] [ 93%] PASSED src/napari_phasors/_tests/test_utils.py::test_threshold_yen_matches_skimage 
src/napari_phasors/_tests/test_utils.py::test_threshold_yen_matches_skimage_simple 
[gw0] [ 93%] PASSED src/napari_phasors/_tests/test_utils.py::test_threshold_yen_matches_skimage_simple 
src/napari_phasors/_tests/test_utils.py::test_threshold_yen_matches_skimage_exponential 
[gw0] [ 93%] PASSED src/napari_phasors/_tests/test_utils.py::test_threshold_yen_matches_skimage_exponential 
src/napari_phasors/_tests/test_utils.py::test_threshold_yen_empty 
[gw0] [ 93%] PASSED src/napari_phasors/_tests/test_utils.py::test_threshold_yen_empty 
src/napari_phasors/_tests/test_utils.py::test_threshold_yen_uniform 
[gw0] [ 93%] PASSED src/napari_phasors/_tests/test_utils.py::test_threshold_yen_uniform 
src/napari_phasors/_tests/test_flimari.py::test_build_recovers_photon_counts 
[gw0] [ 93%] PASSED src/napari_phasors/_tests/test_flimari.py::test_build_recovers_photon_counts 
src/napari_phasors/_tests/test_flimari.py::test_build_schema_keys_and_shapes 
[gw0] [ 93%] PASSED src/napari_phasors/_tests/test_flimari.py::test_build_schema_keys_and_shapes 
src/napari_phasors/_tests/test_flimari.py::test_build_caps_harmonics_at_two 
[gw0] [ 93%] PASSED src/napari_phasors/_tests/test_flimari.py::test_build_caps_harmonics_at_two 
src/napari_phasors/_tests/test_flimari.py::test_build_promotes_single_harmonic_to_leading_axis 
[gw0] [ 94%] PASSED src/napari_phasors/_tests/test_flimari.py::test_build_promotes_single_harmonic_to_leading_axis 
src/napari_phasors/_tests/test_flimari.py::test_build_converts_thresholds_to_counts 
[gw0] [ 94%] PASSED src/napari_phasors/_tests/test_flimari.py::test_build_converts_thresholds_to_counts 
src/napari_phasors/_tests/test_flimari.py::test_build_without_histogram_bins_uses_mean_thresholds 
[gw0] [ 94%] PASSED src/napari_phasors/_tests/test_flimari.py::test_build_without_histogram_bins_uses_mean_thresholds 
src/napari_phasors/_tests/test_flimari.py::test_build_uses_histogram_bins_override 
[gw0] [ 94%] PASSED src/napari_phasors/_tests/test_flimari.py::test_build_uses_histogram_bins_override 
src/napari_phasors/_tests/test_flimari.py::test_get_layer_histogram_bins 
[gw0] [ 94%] PASSED src/napari_phasors/_tests/test_flimari.py::test_get_layer_histogram_bins 
src/napari_phasors/_tests/test_flimari.py::test_get_layer_histogram_bins_none_for_empty_summed_signal 
[gw0] [ 94%] PASSED src/napari_phasors/_tests/test_flimari.py::test_get_layer_histogram_bins_none_for_empty_summed_signal 
src/napari_phasors/_tests/test_flimari.py::test_histogram_bins_from_raw_file 
[gw0] [ 94%] PASSED src/napari_phasors/_tests/test_flimari.py::test_histogram_bins_from_raw_file 
src/napari_phasors/_tests/test_flimari.py::test_histogram_bins_from_raw_file_rejects_mismatched_file 
[gw0] [ 94%] PASSED src/napari_phasors/_tests/test_flimari.py::test_histogram_bins_from_raw_file_rejects_mismatched_file 
src/napari_phasors/_tests/test_flimari.py::test_send_layers_uses_histogram_bins_override 
[gw0] [ 94%] PASSED src/napari_phasors/_tests/test_flimari.py::test_send_layers_uses_histogram_bins_override 
src/napari_phasors/_tests/test_flimari.py::test_build_returns_none_without_phasor_metadata 
[gw0] [ 94%] PASSED src/napari_phasors/_tests/test_flimari.py::test_build_returns_none_without_phasor_metadata 
src/napari_phasors/_tests/test_flimari.py::test_has_phasor_data 
[gw0] [ 94%] PASSED src/napari_phasors/_tests/test_flimari.py::test_has_phasor_data 
src/napari_phasors/_tests/test_flimari.py::test_send_layers_calls_bridge 
[gw0] [ 94%] PASSED src/napari_phasors/_tests/test_flimari.py::test_send_layers_calls_bridge 
src/napari_phasors/_tests/test_flimari.py::test_send_layers_skips_component_analysis_layers 
[gw0] [ 95%] PASSED src/napari_phasors/_tests/test_flimari.py::test_send_layers_skips_component_analysis_layers 
src/napari_phasors/_tests/test_flimari.py::test_send_layers_raises_when_no_phasor_layers 
[gw0] [ 95%] PASSED src/napari_phasors/_tests/test_flimari.py::test_send_layers_raises_when_no_phasor_layers 
src/napari_phasors/_tests/test_flimari.py::test_send_layers_raises_when_flimari_missing 
[gw0] [ 95%] PASSED src/napari_phasors/_tests/test_flimari.py::test_send_layers_raises_when_flimari_missing 
src/napari_phasors/_tests/test_flimari.py::test_import_bridge_returns_module_when_flimari_available 
[gw0] [ 95%] PASSED src/napari_phasors/_tests/test_flimari.py::test_import_bridge_returns_module_when_flimari_available 
src/napari_phasors/_tests/test_flimari.py::test_send_layers_opens_flimari_dock_when_not_ready 
[gw0] [ 95%] PASSED src/napari_phasors/_tests/test_flimari.py::test_send_layers_opens_flimari_dock_when_not_ready 
src/napari_phasors/_tests/test_flimari.py::test_send_layers_without_viewer_reraises_runtime_error 
[gw0] [ 95%] PASSED src/napari_phasors/_tests/test_flimari.py::test_send_layers_without_viewer_reraises_runtime_error 
src/napari_phasors/_tests/test_flimari.py::test_send_layers_raises_if_dock_cannot_be_opened 
[gw0] [ 95%] PASSED src/napari_phasors/_tests/test_flimari.py::test_send_layers_raises_if_dock_cannot_be_opened 
src/napari_phasors/_tests/test_import_export_settings.py::test_import_from_layer_dialog_accepted 
[gw0] [ 95%] PASSED src/napari_phasors/_tests/test_import_export_settings.py::test_import_from_layer_dialog_accepted 
src/napari_phasors/_tests/test_import_export_settings.py::test_import_from_layer_no_phasor_layers 
[gw0] [ 95%] PASSED src/napari_phasors/_tests/test_import_export_settings.py::test_import_from_layer_no_phasor_layers 
src/napari_phasors/_tests/test_import_export_settings.py::test_import_from_layer_includes_currently_selected_layer 
[gw0] [ 95%] PASSED src/napari_phasors/_tests/test_import_export_settings.py::test_import_from_layer_includes_currently_selected_layer 
src/napari_phasors/_tests/test_import_export_settings.py::test_import_all_settings_from_layer 
[gw0] [ 95%] PASSED src/napari_phasors/_tests/test_import_export_settings.py::test_import_all_settings_from_layer 
src/napari_phasors/_tests/test_import_export_settings.py::test_import_partial_settings_from_layer 
[gw0] [ 95%] PASSED src/napari_phasors/_tests/test_import_export_settings.py::test_import_partial_settings_from_layer 
src/napari_phasors/_tests/test_import_export_settings.py::test_import_frequency_only 
[gw0] [ 96%] PASSED src/napari_phasors/_tests/test_import_export_settings.py::test_import_frequency_only 
src/napari_phasors/_tests/test_import_export_settings.py::test_import_with_calibration 
[gw0] [ 96%] PASSED src/napari_phasors/_tests/test_import_export_settings.py::test_import_with_calibration 
src/napari_phasors/_tests/test_import_export_settings.py::test_import_with_filter_applies_threshold_and_filter 
[gw0] [ 96%] PASSED src/napari_phasors/_tests/test_import_export_settings.py::test_import_with_filter_applies_threshold_and_filter 
src/napari_phasors/_tests/test_import_export_settings.py::test_import_from_file_button_exists 
[gw0] [ 96%] PASSED src/napari_phasors/_tests/test_import_export_settings.py::test_import_from_file_button_exists 
src/napari_phasors/_tests/test_import_export_settings.py::test_import_from_file_dialog_opens 
[gw0] [ 96%] PASSED src/napari_phasors/_tests/test_import_export_settings.py::test_import_from_file_dialog_opens 
src/napari_phasors/_tests/test_import_export_settings.py::test_import_from_file_cancel 
[gw0] [ 96%] PASSED src/napari_phasors/_tests/test_import_export_settings.py::test_import_from_file_cancel 
src/napari_phasors/_tests/test_import_export_settings.py::test_import_all_settings_from_ome_tiff 
[gw0] [ 96%] PASSED src/napari_phasors/_tests/test_import_export_settings.py::test_import_all_settings_from_ome_tiff 
src/napari_phasors/_tests/test_import_export_settings.py::test_import_partial_settings_from_ome_tiff 
[gw0] [ 96%] PASSED src/napari_phasors/_tests/test_import_export_settings.py::test_import_partial_settings_from_ome_tiff 
src/napari_phasors/_tests/test_import_export_settings.py::test_import_from_file_without_settings 
[gw0] [ 96%] PASSED src/napari_phasors/_tests/test_import_export_settings.py::test_import_from_file_without_settings 
src/napari_phasors/_tests/test_import_export_settings.py::test_import_from_invalid_file 
[gw0] [ 96%] PASSED src/napari_phasors/_tests/test_import_export_settings.py::test_import_from_invalid_file 
src/napari_phasors/_tests/test_import_export_settings.py::test_show_import_dialog_all_options 
[gw0] [ 96%] PASSED src/napari_phasors/_tests/test_import_export_settings.py::test_show_import_dialog_all_options 
src/napari_phasors/_tests/test_import_export_settings.py::test_show_import_dialog_default_all_checked 
[gw0] [ 96%] PASSED src/napari_phasors/_tests/test_import_export_settings.py::test_show_import_dialog_default_all_checked 
src/napari_phasors/_tests/test_import_export_settings.py::test_show_import_dialog_partial_selection 
[gw0] [ 97%] PASSED src/napari_phasors/_tests/test_import_export_settings.py::test_show_import_dialog_partial_selection 
src/napari_phasors/_tests/test_import_export_settings.py::test_initialize_plot_settings_in_metadata 
[gw0] [ 97%] PASSED src/napari_phasors/_tests/test_import_export_settings.py::test_initialize_plot_settings_in_metadata 
src/napari_phasors/_tests/test_import_export_settings.py::test_restore_plot_settings_from_metadata 
[gw0] [ 97%] PASSED src/napari_phasors/_tests/test_import_export_settings.py::test_restore_plot_settings_from_metadata 
src/napari_phasors/_tests/test_import_export_settings.py::test_update_setting_in_metadata 
[gw0] [ 97%] PASSED src/napari_phasors/_tests/test_import_export_settings.py::test_update_setting_in_metadata 
src/napari_phasors/_tests/test_plotter_tabs_toolbar.py::test_phasor_plotter_tab_changed_functionality 
[gw0] [ 97%] PASSED src/napari_phasors/_tests/test_plotter_tabs_toolbar.py::test_phasor_plotter_tab_changed_functionality 
src/napari_phasors/_tests/test_plotter_tabs_toolbar.py::test_phasor_plotter_hide_and_show_tab_artists 
[gw0] [ 97%] PASSED src/napari_phasors/_tests/test_plotter_tabs_toolbar.py::test_phasor_plotter_hide_and_show_tab_artists 
src/napari_phasors/_tests/test_plotter_tabs_toolbar.py::test_phasor_plotter_tab_specific_visibility_methods 
[gw0] [ 97%] PASSED src/napari_phasors/_tests/test_plotter_tabs_toolbar.py::test_phasor_plotter_tab_specific_visibility_methods 
src/napari_phasors/_tests/test_plotter_tabs_toolbar.py::test_phasor_plotter_tab_widget_signal_connection 
[gw0] [ 97%] PASSED src/napari_phasors/_tests/test_plotter_tabs_toolbar.py::test_phasor_plotter_tab_widget_signal_connection 
src/napari_phasors/_tests/test_plotter_tabs_toolbar.py::test_phasor_plotter_tab_changed_with_different_tabs 
[gw0] [ 97%] PASSED src/napari_phasors/_tests/test_plotter_tabs_toolbar.py::test_phasor_plotter_tab_changed_with_different_tabs 
src/napari_phasors/_tests/test_plotter_tabs_toolbar.py::test_phasor_plotter_set_components_visibility_method 
[gw0] [ 97%] PASSED src/napari_phasors/_tests/test_plotter_tabs_toolbar.py::test_phasor_plotter_set_components_visibility_method 
src/napari_phasors/_tests/test_plotter_tabs_toolbar.py::test_phasor_plotter_set_fret_visibility_method 
[gw0] [ 97%] PASSED src/napari_phasors/_tests/test_plotter_tabs_toolbar.py::test_phasor_plotter_set_fret_visibility_method 
src/napari_phasors/_tests/test_plotter_tabs_toolbar.py::test_phasor_plotter_set_visibility_methods_without_tabs 
[gw0] [ 97%] PASSED src/napari_phasors/_tests/test_plotter_tabs_toolbar.py::test_phasor_plotter_set_visibility_methods_without_tabs 
src/napari_phasors/_tests/test_plotter_tabs_toolbar.py::test_phasor_plotter_visibility_methods_error_handling 
[gw0] [ 98%] PASSED src/napari_phasors/_tests/test_plotter_tabs_toolbar.py::test_phasor_plotter_visibility_methods_error_handling 
src/napari_phasors/_tests/test_plotter_tabs_toolbar.py::test_phasor_plotter_visibility_methods_called_by_hide_show_artists 
[gw0] [ 98%] PASSED src/napari_phasors/_tests/test_plotter_tabs_toolbar.py::test_phasor_plotter_visibility_methods_called_by_hide_show_artists 
src/napari_phasors/_tests/test_plotter_tabs_toolbar.py::test_toolbar_visibility_based_on_selection_mode 
[gw0] [ 98%] PASSED src/napari_phasors/_tests/test_plotter_tabs_toolbar.py::test_toolbar_visibility_based_on_selection_mode 
src/napari_phasors/_tests/test_plotter_tabs_toolbar.py::test_is_manual_selection_mode_method 
[gw0] [ 98%] PASSED src/napari_phasors/_tests/test_plotter_tabs_toolbar.py::test_is_manual_selection_mode_method 
src/napari_phasors/_tests/test_plotter_tabs_toolbar.py::test_plot_colors_cleared_when_switching_from_manual_mode 
[gw0] [ 98%] PASSED src/napari_phasors/_tests/test_plotter_tabs_toolbar.py::test_plot_colors_cleared_when_switching_from_manual_mode 
src/napari_phasors/_tests/test_plotter_tabs_toolbar.py::test_selection_tab_mode_switching_integration 
[gw0] [ 98%] PASSED src/napari_phasors/_tests/test_plotter_tabs_toolbar.py::test_selection_tab_mode_switching_integration 
src/napari_phasors/_tests/test_plotter_tabs_toolbar.py::test_toolbar_hidden_when_switching_tabs 
[gw0] [ 98%] PASSED src/napari_phasors/_tests/test_plotter_tabs_toolbar.py::test_toolbar_hidden_when_switching_tabs 
src/napari_phasors/_tests/test_plotter_tabs_toolbar.py::test_toolbar_hidden_in_circular_cursor_mode 
[gw0] [ 98%] PASSED src/napari_phasors/_tests/test_plotter_tabs_toolbar.py::test_toolbar_hidden_in_circular_cursor_mode 
src/napari_phasors/_tests/test_plotter_tabs_toolbar.py::test_toolbar_shown_only_in_manual_selection_mode 
[gw0] [ 98%] PASSED src/napari_phasors/_tests/test_plotter_tabs_toolbar.py::test_toolbar_shown_only_in_manual_selection_mode 
src/napari_phasors/_tests/test_plotter_tabs_toolbar.py::test_toolbar_visibility_on_mode_change_within_selection_tab 
[gw0] [ 98%] PASSED src/napari_phasors/_tests/test_plotter_tabs_toolbar.py::test_toolbar_visibility_on_mode_change_within_selection_tab 
src/napari_phasors/_tests/test_plotter_tabs_toolbar.py::test_circular_cursor_and_manual_selection_visibility_coordination 
[gw0] [ 98%] PASSED src/napari_phasors/_tests/test_plotter_tabs_toolbar.py::test_circular_cursor_and_manual_selection_visibility_coordination 
src/napari_phasors/_tests/test_plotter_tabs_toolbar.py::test_phasor_plotter_visibility_methods_integration_with_tab_changes 
[gw0] [ 98%] PASSED src/napari_phasors/_tests/test_plotter_tabs_toolbar.py::test_phasor_plotter_visibility_methods_integration_with_tab_changes 
src/napari_phasors/_tests/test_plotter_tabs_toolbar.py::test_deferred_tab_update_after_primary_layer_removed 
[gw0] [ 99%] PASSED src/napari_phasors/_tests/test_plotter_tabs_toolbar.py::test_deferred_tab_update_after_primary_layer_removed 
src/napari_phasors/_tests/test_plotter_dialogs.py::test_contour_layer_settings_dialog 
[gw0] [ 99%] PASSED src/napari_phasors/_tests/test_plotter_dialogs.py::test_contour_layer_settings_dialog 
src/napari_phasors/_tests/test_plotter_dialogs.py::test_mask_assignment_dialog 
[gw0] [ 99%] PASSED src/napari_phasors/_tests/test_plotter_dialogs.py::test_mask_assignment_dialog 
src/napari_phasors/_tests/test_plotter_dialogs.py::test_import_settings_from_layer_and_file 
[gw0] [ 99%] PASSED src/napari_phasors/_tests/test_plotter_dialogs.py::test_import_settings_from_layer_and_file 
src/napari_phasors/_tests/test_plotter_dialogs.py::test_prompt_user_for_analysis_import 
[gw0] [ 99%] PASSED src/napari_phasors/_tests/test_plotter_dialogs.py::test_prompt_user_for_analysis_import 
src/napari_phasors/_tests/test_plotter_dialogs.py::test_phasor_center_settings_dialog 
[gw0] [ 99%] PASSED src/napari_phasors/_tests/test_plotter_dialogs.py::test_phasor_center_settings_dialog 
src/napari_phasors/_tests/test_conftest.py::test_configure_phasorpy_retries_sets_retry_on_all_repositories 
[gw0] [ 99%] PASSED src/napari_phasors/_tests/test_conftest.py::test_configure_phasorpy_retries_sets_retry_on_all_repositories 
src/napari_phasors/_tests/test_conftest.py::test_configure_phasorpy_retries_swallows_import_error 
[gw0] [ 99%] PASSED src/napari_phasors/_tests/test_conftest.py::test_configure_phasorpy_retries_swallows_import_error 
src/napari_phasors/_tests/test_conftest.py::test_configure_phasorpy_retries_swallows_attribute_error 
[gw0] [ 99%] PASSED src/napari_phasors/_tests/test_conftest.py::test_configure_phasorpy_retries_swallows_attribute_error 
src/napari_phasors/_tests/test_sample_data.py::test_convallaria_FLIM_sample_data 
[gw0] [ 99%] PASSED src/napari_phasors/_tests/test_sample_data.py::test_convallaria_FLIM_sample_data 
src/napari_phasors/_tests/test_sample_data.py::test_embryo_FLIM_sample_data 
[gw0] [ 99%] PASSED src/napari_phasors/_tests/test_sample_data.py::test_embryo_FLIM_sample_data 
src/napari_phasors/_tests/test_sample_data.py::test_paramecium_HSI_sample_data 
[gw0] [ 99%] PASSED src/napari_phasors/_tests/test_sample_data.py::test_paramecium_HSI_sample_data 
src/napari_phasors/_tests/test_synthetic_generator.py::test_synthetic_generator 
[gw0] [100%] PASSED src/napari_phasors/_tests/test_synthetic_generator.py::test_synthetic_generator 

============================== warnings summary ===============================
src/napari_phasors/_tests/test_batch_analysis.py: 3 warnings
src/napari_phasors/_tests/test_phasor_mapping_tab.py: 37 warnings
  C:\Users\jodav\Downloads\napari-phasors-main\napari-phasors-main\src\napari_phasors\phasor_mapping_tab.py:227: PendingDeprecationWarning: The set_bad function will be deprecated in a future version. Use cmap.with_extremes(bad=...) or Colormap(bad=...) instead.
    mesh_cmap.set_bad((0, 0, 0, 0))

-- Docs: https://docs.pytest.org/en/stable/how-to/capture-warnings.html
================ 1207 passed, 40 warnings in 830.26s (0:13:50) ================
